{"/Users/sven/bus-dashboard/server.js": {"path":"/Users/sven/bus-dashboard/server.js","statementMap":{"0":{"start":{"line":1,"column":16},"end":{"line":1,"column":34}},"1":{"start":{"line":3,"column":15},"end":{"line":3,"column":34}},"2":{"start":{"line":5,"column":15},"end":{"line":5,"column":24}},"3":{"start":{"line":6,"column":0},"end":{"line":6,"column":27}},"4":{"start":{"line":8,"column":0},"end":{"line":8,"column":19}},"5":{"start":{"line":10,"column":0},"end":{"line":10,"column":24}}},"fnMap":{},"branchMap":{},"s":{"0":5,"1":5,"2":5,"3":5,"4":5,"5":5},"f":{},"b":{},"_coverageSchema":"1a1c01bbd47fc00a2c39e90264f33305004495a9","hash":"b67e9bebcd8b50b6537a6c24ffa4d1dc6f5ef01a"}
,"/Users/sven/bus-dashboard/test-utils.js": {"path":"/Users/sven/bus-dashboard/test-utils.js","statementMap":{"0":{"start":{"line":1,"column":17},"end":{"line":1,"column":36}},"1":{"start":{"line":2,"column":15},"end":{"line":7,"column":1}},"2":{"start":{"line":9,"column":0},"end":{"line":9,"column":20}},"3":{"start":{"line":11,"column":0},"end":{"line":18,"column":1}},"4":{"start":{"line":12,"column":2},"end":{"line":16,"column":5}},"5":{"start":{"line":17,"column":2},"end":{"line":17,"column":54}},"6":{"start":{"line":17,"column":36},"end":{"line":17,"column":51}},"7":{"start":{"line":20,"column":0},"end":{"line":22,"column":1}},"8":{"start":{"line":21,"column":2},"end":{"line":21,"column":30}},"9":{"start":{"line":24,"column":0},"end":{"line":26,"column":1}},"10":{"start":{"line":25,"column":2},"end":{"line":25,"column":60}},"11":{"start":{"line":25,"column":40},"end":{"line":25,"column":58}}},"fnMap":{"0":{"name":"(anonymous_0)","decl":{"start":{"line":11,"column":27},"end":{"line":11,"column":28}},"loc":{"start":{"line":11,"column":39},"end":{"line":18,"column":1}},"line":11},"1":{"name":"(anonymous_1)","decl":{"start":{"line":17,"column":31},"end":{"line":17,"column":32}},"loc":{"start":{"line":17,"column":36},"end":{"line":17,"column":51}},"line":17},"2":{"name":"(anonymous_2)","decl":{"start":{"line":20,"column":24},"end":{"line":20,"column":25}},"loc":{"start":{"line":20,"column":36},"end":{"line":22,"column":1}},"line":20},"3":{"name":"(anonymous_3)","decl":{"start":{"line":24,"column":25},"end":{"line":24,"column":26}},"loc":{"start":{"line":24,"column":37},"end":{"line":26,"column":1}},"line":24},"4":{"name":"(anonymous_4)","decl":{"start":{"line":25,"column":31},"end":{"line":25,"column":32}},"loc":{"start":{"line":25,"column":40},"end":{"line":25,"column":58}},"line":25}},"branchMap":{},"s":{"0":5,"1":5,"2":5,"3":5,"4":5,"5":5,"6":20,"7":5,"8":5,"9":5,"10":117,"11":468},"f":{"0":5,"1":20,"2":5,"3":117,"4":468},"b":{},"_coverageSchema":"1a1c01bbd47fc00a2c39e90264f33305004495a9","hash":"6c25ea2b44bc5939bcb3b4c96b3c4bd3fb64a22a"}
,"/Users/sven/bus-dashboard/daos/bus.js": {"path":"/Users/sven/bus-dashboard/daos/bus.js","statementMap":{"0":{"start":{"line":1,"column":17},"end":{"line":1,"column":36}},"1":{"start":{"line":3,"column":12},"end":{"line":3,"column":36}},"2":{"start":{"line":4,"column":14},"end":{"line":4,"column":40}},"3":{"start":{"line":5,"column":13},"end":{"line":5,"column":38}},"4":{"start":{"line":7,"column":0},"end":{"line":7,"column":20}},"5":{"start":{"line":9,"column":0},"end":{"line":22,"column":1}},"6":{"start":{"line":10,"column":4},"end":{"line":21,"column":5}},"7":{"start":{"line":11,"column":23},"end":{"line":14,"column":10}},"8":{"start":{"line":15,"column":8},"end":{"line":15,"column":22}},"9":{"start":{"line":17,"column":8},"end":{"line":19,"column":9}},"10":{"start":{"line":18,"column":12},"end":{"line":18,"column":46}},"11":{"start":{"line":20,"column":8},"end":{"line":20,"column":16}},"12":{"start":{"line":24,"column":0},"end":{"line":31,"column":1}},"13":{"start":{"line":25,"column":4},"end":{"line":30,"column":5}},"14":{"start":{"line":26,"column":22},"end":{"line":26,"column":63}},"15":{"start":{"line":27,"column":8},"end":{"line":27,"column":21}},"16":{"start":{"line":29,"column":8},"end":{"line":29,"column":16}},"17":{"start":{"line":33,"column":0},"end":{"line":59,"column":1}},"18":{"start":{"line":34,"column":4},"end":{"line":58,"column":5}},"19":{"start":{"line":36,"column":22},"end":{"line":54,"column":10}},"20":{"start":{"line":55,"column":8},"end":{"line":55,"column":21}},"21":{"start":{"line":57,"column":8},"end":{"line":57,"column":16}},"22":{"start":{"line":61,"column":0},"end":{"line":68,"column":1}},"23":{"start":{"line":62,"column":4},"end":{"line":67,"column":5}},"24":{"start":{"line":63,"column":22},"end":{"line":63,"column":47}},"25":{"start":{"line":64,"column":8},"end":{"line":64,"column":21}},"26":{"start":{"line":66,"column":8},"end":{"line":66,"column":16}},"27":{"start":{"line":70,"column":0},"end":{"line":77,"column":1}},"28":{"start":{"line":71,"column":4},"end":{"line":76,"column":5}},"29":{"start":{"line":72,"column":22},"end":{"line":72,"column":59}},"30":{"start":{"line":73,"column":8},"end":{"line":73,"column":21}},"31":{"start":{"line":75,"column":8},"end":{"line":75,"column":16}},"32":{"start":{"line":79,"column":0},"end":{"line":90,"column":1}},"33":{"start":{"line":80,"column":20},"end":{"line":80,"column":22}},"34":{"start":{"line":81,"column":4},"end":{"line":81,"column":44}},"35":{"start":{"line":81,"column":18},"end":{"line":81,"column":43}},"36":{"start":{"line":82,"column":4},"end":{"line":82,"column":41}},"37":{"start":{"line":82,"column":17},"end":{"line":82,"column":40}},"38":{"start":{"line":84,"column":4},"end":{"line":89,"column":5}},"39":{"start":{"line":85,"column":27},"end":{"line":85,"column":67}},"40":{"start":{"line":86,"column":8},"end":{"line":86,"column":26}},"41":{"start":{"line":88,"column":8},"end":{"line":88,"column":16}},"42":{"start":{"line":92,"column":0},"end":{"line":99,"column":1}},"43":{"start":{"line":93,"column":4},"end":{"line":98,"column":5}},"44":{"start":{"line":94,"column":8},"end":{"line":94,"column":41}},"45":{"start":{"line":95,"column":8},"end":{"line":95,"column":20}},"46":{"start":{"line":97,"column":8},"end":{"line":97,"column":21}},"47":{"start":{"line":102,"column":0},"end":{"line":102,"column":43}}},"fnMap":{"0":{"name":"(anonymous_0)","decl":{"start":{"line":9,"column":24},"end":{"line":9,"column":25}},"loc":{"start":{"line":9,"column":48},"end":{"line":22,"column":1}},"line":9},"1":{"name":"(anonymous_1)","decl":{"start":{"line":24,"column":29},"end":{"line":24,"column":30}},"loc":{"start":{"line":24,"column":47},"end":{"line":31,"column":1}},"line":24},"2":{"name":"(anonymous_2)","decl":{"start":{"line":33,"column":35},"end":{"line":33,"column":36}},"loc":{"start":{"line":33,"column":62},"end":{"line":59,"column":1}},"line":33},"3":{"name":"(anonymous_3)","decl":{"start":{"line":61,"column":24},"end":{"line":61,"column":25}},"loc":{"start":{"line":61,"column":36},"end":{"line":68,"column":1}},"line":61},"4":{"name":"(anonymous_4)","decl":{"start":{"line":70,"column":25},"end":{"line":70,"column":26}},"loc":{"start":{"line":70,"column":39},"end":{"line":77,"column":1}},"line":70},"5":{"name":"(anonymous_5)","decl":{"start":{"line":79,"column":28},"end":{"line":79,"column":29}},"loc":{"start":{"line":79,"column":57},"end":{"line":90,"column":1}},"line":79},"6":{"name":"(anonymous_6)","decl":{"start":{"line":92,"column":28},"end":{"line":92,"column":29}},"loc":{"start":{"line":92,"column":42},"end":{"line":99,"column":1}},"line":92}},"branchMap":{"0":{"loc":{"start":{"line":17,"column":8},"end":{"line":19,"column":9}},"type":"if","locations":[{"start":{"line":17,"column":8},"end":{"line":19,"column":9}},{"start":{"line":17,"column":8},"end":{"line":19,"column":9}}],"line":17},"1":{"loc":{"start":{"line":81,"column":4},"end":{"line":81,"column":44}},"type":"if","locations":[{"start":{"line":81,"column":4},"end":{"line":81,"column":44}},{"start":{"line":81,"column":4},"end":{"line":81,"column":44}}],"line":81},"2":{"loc":{"start":{"line":82,"column":4},"end":{"line":82,"column":41}},"type":"if","locations":[{"start":{"line":82,"column":4},"end":{"line":82,"column":41}},{"start":{"line":82,"column":4},"end":{"line":82,"column":41}}],"line":82}},"s":{"0":5,"1":5,"2":5,"3":5,"4":5,"5":5,"6":22,"7":22,"8":21,"9":1,"10":1,"11":0,"12":5,"13":1,"14":1,"15":1,"16":0,"17":5,"18":1,"19":1,"20":1,"21":0,"22":5,"23":1,"24":1,"25":1,"26":0,"27":5,"28":5,"29":5,"30":5,"31":0,"32":5,"33":1,"34":1,"35":0,"36":1,"37":1,"38":1,"39":1,"40":1,"41":0,"42":5,"43":1,"44":1,"45":1,"46":0,"47":5},"f":{"0":22,"1":1,"2":1,"3":1,"4":5,"5":1,"6":1},"b":{"0":[1,0],"1":[0,1],"2":[1,0]},"_coverageSchema":"1a1c01bbd47fc00a2c39e90264f33305004495a9","hash":"bf2303a2e3eca17644e6ef4e1a42347932f7e06b"}
,"/Users/sven/bus-dashboard/daos/groups.js": {"path":"/Users/sven/bus-dashboard/daos/groups.js","statementMap":{"0":{"start":{"line":1,"column":17},"end":{"line":1,"column":36}},"1":{"start":{"line":3,"column":14},"end":{"line":3,"column":40}},"2":{"start":{"line":5,"column":0},"end":{"line":5,"column":20}},"3":{"start":{"line":7,"column":0},"end":{"line":19,"column":2}},"4":{"start":{"line":8,"column":4},"end":{"line":18,"column":5}},"5":{"start":{"line":9,"column":25},"end":{"line":14,"column":10}},"6":{"start":{"line":15,"column":8},"end":{"line":15,"column":24}},"7":{"start":{"line":17,"column":8},"end":{"line":17,"column":16}},"8":{"start":{"line":21,"column":0},"end":{"line":31,"column":2}},"9":{"start":{"line":22,"column":4},"end":{"line":30,"column":5}},"10":{"start":{"line":23,"column":30},"end":{"line":26,"column":60}},"11":{"start":{"line":27,"column":8},"end":{"line":27,"column":29}},"12":{"start":{"line":29,"column":8},"end":{"line":29,"column":16}},"13":{"start":{"line":33,"column":0},"end":{"line":43,"column":2}},"14":{"start":{"line":34,"column":4},"end":{"line":42,"column":5}},"15":{"start":{"line":35,"column":35},"end":{"line":38,"column":60}},"16":{"start":{"line":39,"column":8},"end":{"line":39,"column":34}},"17":{"start":{"line":41,"column":8},"end":{"line":41,"column":16}},"18":{"start":{"line":45,"column":0},"end":{"line":55,"column":2}},"19":{"start":{"line":46,"column":4},"end":{"line":54,"column":5}},"20":{"start":{"line":47,"column":30},"end":{"line":50,"column":60}},"21":{"start":{"line":51,"column":8},"end":{"line":51,"column":29}},"22":{"start":{"line":53,"column":8},"end":{"line":53,"column":16}},"23":{"start":{"line":57,"column":0},"end":{"line":64,"column":2}},"24":{"start":{"line":58,"column":4},"end":{"line":63,"column":5}},"25":{"start":{"line":59,"column":23},"end":{"line":59,"column":65}},"26":{"start":{"line":60,"column":8},"end":{"line":60,"column":22}},"27":{"start":{"line":62,"column":8},"end":{"line":62,"column":16}},"28":{"start":{"line":66,"column":0},"end":{"line":73,"column":2}},"29":{"start":{"line":67,"column":4},"end":{"line":72,"column":5}},"30":{"start":{"line":68,"column":22},"end":{"line":68,"column":59}},"31":{"start":{"line":69,"column":8},"end":{"line":69,"column":28}},"32":{"start":{"line":71,"column":8},"end":{"line":71,"column":16}},"33":{"start":{"line":75,"column":0},"end":{"line":82,"column":2}},"34":{"start":{"line":76,"column":4},"end":{"line":81,"column":5}},"35":{"start":{"line":77,"column":22},"end":{"line":77,"column":82}},"36":{"start":{"line":78,"column":8},"end":{"line":78,"column":21}},"37":{"start":{"line":80,"column":8},"end":{"line":80,"column":16}},"38":{"start":{"line":84,"column":0},"end":{"line":96,"column":2}},"39":{"start":{"line":85,"column":20},"end":{"line":85,"column":22}},"40":{"start":{"line":86,"column":4},"end":{"line":86,"column":38}},"41":{"start":{"line":86,"column":16},"end":{"line":86,"column":37}},"42":{"start":{"line":87,"column":4},"end":{"line":87,"column":44}},"43":{"start":{"line":87,"column":18},"end":{"line":87,"column":43}},"44":{"start":{"line":88,"column":4},"end":{"line":88,"column":59}},"45":{"start":{"line":88,"column":23},"end":{"line":88,"column":58}},"46":{"start":{"line":90,"column":4},"end":{"line":95,"column":5}},"47":{"start":{"line":91,"column":29},"end":{"line":91,"column":76}},"48":{"start":{"line":92,"column":8},"end":{"line":92,"column":28}},"49":{"start":{"line":94,"column":8},"end":{"line":94,"column":16}},"50":{"start":{"line":98,"column":0},"end":{"line":105,"column":1}},"51":{"start":{"line":99,"column":4},"end":{"line":104,"column":5}},"52":{"start":{"line":100,"column":8},"end":{"line":100,"column":48}},"53":{"start":{"line":101,"column":8},"end":{"line":101,"column":20}},"54":{"start":{"line":103,"column":8},"end":{"line":103,"column":21}}},"fnMap":{"0":{"name":"(anonymous_0)","decl":{"start":{"line":7,"column":24},"end":{"line":7,"column":25}},"loc":{"start":{"line":7,"column":79},"end":{"line":19,"column":1}},"line":7},"1":{"name":"(anonymous_1)","decl":{"start":{"line":21,"column":29},"end":{"line":21,"column":30}},"loc":{"start":{"line":21,"column":47},"end":{"line":31,"column":1}},"line":21},"2":{"name":"(anonymous_2)","decl":{"start":{"line":33,"column":34},"end":{"line":33,"column":35}},"loc":{"start":{"line":33,"column":57},"end":{"line":43,"column":1}},"line":33},"3":{"name":"(anonymous_3)","decl":{"start":{"line":45,"column":43},"end":{"line":45,"column":44}},"loc":{"start":{"line":45,"column":67},"end":{"line":55,"column":1}},"line":45},"4":{"name":"(anonymous_4)","decl":{"start":{"line":57,"column":29},"end":{"line":57,"column":30}},"loc":{"start":{"line":57,"column":47},"end":{"line":64,"column":1}},"line":57},"5":{"name":"(anonymous_5)","decl":{"start":{"line":66,"column":38},"end":{"line":66,"column":39}},"loc":{"start":{"line":66,"column":57},"end":{"line":73,"column":1}},"line":66},"6":{"name":"(anonymous_6)","decl":{"start":{"line":75,"column":34},"end":{"line":75,"column":35}},"loc":{"start":{"line":75,"column":61},"end":{"line":82,"column":1}},"line":75},"7":{"name":"(anonymous_7)","decl":{"start":{"line":84,"column":28},"end":{"line":84,"column":29}},"loc":{"start":{"line":84,"column":74},"end":{"line":96,"column":1}},"line":84},"8":{"name":"(anonymous_8)","decl":{"start":{"line":98,"column":28},"end":{"line":98,"column":29}},"loc":{"start":{"line":98,"column":47},"end":{"line":105,"column":1}},"line":98}},"branchMap":{"0":{"loc":{"start":{"line":86,"column":4},"end":{"line":86,"column":38}},"type":"if","locations":[{"start":{"line":86,"column":4},"end":{"line":86,"column":38}},{"start":{"line":86,"column":4},"end":{"line":86,"column":38}}],"line":86},"1":{"loc":{"start":{"line":87,"column":4},"end":{"line":87,"column":44}},"type":"if","locations":[{"start":{"line":87,"column":4},"end":{"line":87,"column":44}},{"start":{"line":87,"column":4},"end":{"line":87,"column":44}}],"line":87},"2":{"loc":{"start":{"line":88,"column":4},"end":{"line":88,"column":59}},"type":"if","locations":[{"start":{"line":88,"column":4},"end":{"line":88,"column":59}},{"start":{"line":88,"column":4},"end":{"line":88,"column":59}}],"line":88}},"s":{"0":5,"1":5,"2":5,"3":5,"4":153,"5":153,"6":153,"7":0,"8":5,"9":1,"10":1,"11":1,"12":0,"13":5,"14":1,"15":1,"16":1,"17":0,"18":5,"19":1,"20":1,"21":1,"22":0,"23":5,"24":2,"25":2,"26":2,"27":0,"28":5,"29":14,"30":14,"31":14,"32":0,"33":5,"34":18,"35":18,"36":18,"37":0,"38":5,"39":2,"40":2,"41":2,"42":2,"43":0,"44":2,"45":1,"46":2,"47":2,"48":2,"49":0,"50":5,"51":4,"52":4,"53":4,"54":0},"f":{"0":153,"1":1,"2":1,"3":1,"4":2,"5":14,"6":18,"7":2,"8":4},"b":{"0":[2,0],"1":[0,2],"2":[1,1]},"_coverageSchema":"1a1c01bbd47fc00a2c39e90264f33305004495a9","hash":"954355c1bf510c59cd1150b1ad7010dcf7d3b485"}
,"/Users/sven/bus-dashboard/daos/stops.js": {"path":"/Users/sven/bus-dashboard/daos/stops.js","statementMap":{"0":{"start":{"line":1,"column":17},"end":{"line":1,"column":36}},"1":{"start":{"line":3,"column":13},"end":{"line":3,"column":38}},"2":{"start":{"line":5,"column":0},"end":{"line":5,"column":20}},"3":{"start":{"line":7,"column":0},"end":{"line":20,"column":2}},"4":{"start":{"line":8,"column":4},"end":{"line":19,"column":5}},"5":{"start":{"line":9,"column":24},"end":{"line":12,"column":10}},"6":{"start":{"line":13,"column":8},"end":{"line":13,"column":23}},"7":{"start":{"line":15,"column":8},"end":{"line":17,"column":9}},"8":{"start":{"line":16,"column":12},"end":{"line":16,"column":46}},"9":{"start":{"line":18,"column":8},"end":{"line":18,"column":16}},"10":{"start":{"line":22,"column":0},"end":{"line":29,"column":2}},"11":{"start":{"line":23,"column":4},"end":{"line":28,"column":5}},"12":{"start":{"line":24,"column":22},"end":{"line":24,"column":66}},"13":{"start":{"line":25,"column":8},"end":{"line":25,"column":21}},"14":{"start":{"line":27,"column":8},"end":{"line":27,"column":16}},"15":{"start":{"line":31,"column":0},"end":{"line":38,"column":2}},"16":{"start":{"line":32,"column":4},"end":{"line":37,"column":5}},"17":{"start":{"line":33,"column":22},"end":{"line":33,"column":48}},"18":{"start":{"line":34,"column":8},"end":{"line":34,"column":21}},"19":{"start":{"line":36,"column":8},"end":{"line":36,"column":16}},"20":{"start":{"line":40,"column":0},"end":{"line":47,"column":1}},"21":{"start":{"line":41,"column":4},"end":{"line":46,"column":5}},"22":{"start":{"line":42,"column":22},"end":{"line":42,"column":60}},"23":{"start":{"line":43,"column":8},"end":{"line":43,"column":21}},"24":{"start":{"line":45,"column":8},"end":{"line":45,"column":16}},"25":{"start":{"line":49,"column":0},"end":{"line":60,"column":1}},"26":{"start":{"line":50,"column":20},"end":{"line":50,"column":22}},"27":{"start":{"line":51,"column":4},"end":{"line":51,"column":47}},"28":{"start":{"line":51,"column":19},"end":{"line":51,"column":46}},"29":{"start":{"line":52,"column":4},"end":{"line":52,"column":44}},"30":{"start":{"line":52,"column":18},"end":{"line":52,"column":43}},"31":{"start":{"line":54,"column":4},"end":{"line":59,"column":5}},"32":{"start":{"line":55,"column":28},"end":{"line":55,"column":69}},"33":{"start":{"line":56,"column":8},"end":{"line":56,"column":27}},"34":{"start":{"line":58,"column":8},"end":{"line":58,"column":16}},"35":{"start":{"line":62,"column":0},"end":{"line":69,"column":1}},"36":{"start":{"line":63,"column":4},"end":{"line":68,"column":5}},"37":{"start":{"line":64,"column":8},"end":{"line":64,"column":46}},"38":{"start":{"line":65,"column":8},"end":{"line":65,"column":20}},"39":{"start":{"line":67,"column":8},"end":{"line":67,"column":21}},"40":{"start":{"line":72,"column":0},"end":{"line":72,"column":43}}},"fnMap":{"0":{"name":"(anonymous_0)","decl":{"start":{"line":7,"column":24},"end":{"line":7,"column":25}},"loc":{"start":{"line":7,"column":50},"end":{"line":20,"column":1}},"line":7},"1":{"name":"(anonymous_1)","decl":{"start":{"line":22,"column":30},"end":{"line":22,"column":31}},"loc":{"start":{"line":22,"column":49},"end":{"line":29,"column":1}},"line":22},"2":{"name":"(anonymous_2)","decl":{"start":{"line":31,"column":24},"end":{"line":31,"column":25}},"loc":{"start":{"line":31,"column":36},"end":{"line":38,"column":1}},"line":31},"3":{"name":"(anonymous_3)","decl":{"start":{"line":40,"column":25},"end":{"line":40,"column":26}},"loc":{"start":{"line":40,"column":39},"end":{"line":47,"column":1}},"line":40},"4":{"name":"(anonymous_4)","decl":{"start":{"line":49,"column":28},"end":{"line":49,"column":29}},"loc":{"start":{"line":49,"column":59},"end":{"line":60,"column":1}},"line":49},"5":{"name":"(anonymous_5)","decl":{"start":{"line":62,"column":28},"end":{"line":62,"column":29}},"loc":{"start":{"line":62,"column":46},"end":{"line":69,"column":1}},"line":62}},"branchMap":{"0":{"loc":{"start":{"line":15,"column":8},"end":{"line":17,"column":9}},"type":"if","locations":[{"start":{"line":15,"column":8},"end":{"line":17,"column":9}},{"start":{"line":15,"column":8},"end":{"line":17,"column":9}}],"line":15},"1":{"loc":{"start":{"line":51,"column":4},"end":{"line":51,"column":47}},"type":"if","locations":[{"start":{"line":51,"column":4},"end":{"line":51,"column":47}},{"start":{"line":51,"column":4},"end":{"line":51,"column":47}}],"line":51},"2":{"loc":{"start":{"line":52,"column":4},"end":{"line":52,"column":44}},"type":"if","locations":[{"start":{"line":52,"column":4},"end":{"line":52,"column":44}},{"start":{"line":52,"column":4},"end":{"line":52,"column":44}}],"line":52}},"s":{"0":5,"1":5,"2":5,"3":5,"4":42,"5":42,"6":41,"7":1,"8":1,"9":0,"10":5,"11":1,"12":1,"13":1,"14":0,"15":5,"16":1,"17":1,"18":1,"19":0,"20":5,"21":4,"22":4,"23":4,"24":0,"25":5,"26":1,"27":1,"28":0,"29":1,"30":1,"31":1,"32":1,"33":1,"34":0,"35":5,"36":1,"37":1,"38":1,"39":0,"40":5},"f":{"0":42,"1":1,"2":1,"3":4,"4":1,"5":1},"b":{"0":[1,0],"1":[0,1],"2":[1,0]},"_coverageSchema":"1a1c01bbd47fc00a2c39e90264f33305004495a9","hash":"62277247720614f1f513f518c7cba03cfdbf9f6c"}
,"/Users/sven/bus-dashboard/daos/token.js": {"path":"/Users/sven/bus-dashboard/daos/token.js","statementMap":{"0":{"start":{"line":1,"column":14},"end":{"line":1,"column":40}},"1":{"start":{"line":2,"column":23},"end":{"line":2,"column":38}},"2":{"start":{"line":4,"column":0},"end":{"line":4,"column":20}},"3":{"start":{"line":6,"column":0},"end":{"line":10,"column":1}},"4":{"start":{"line":7,"column":15},"end":{"line":7,"column":29}},"5":{"start":{"line":8,"column":16},"end":{"line":8,"column":66}},"6":{"start":{"line":9,"column":2},"end":{"line":9,"column":20}},"7":{"start":{"line":12,"column":0},"end":{"line":19,"column":1}},"8":{"start":{"line":13,"column":16},"end":{"line":13,"column":58}},"9":{"start":{"line":14,"column":2},"end":{"line":18,"column":3}},"10":{"start":{"line":15,"column":4},"end":{"line":15,"column":24}},"11":{"start":{"line":17,"column":4},"end":{"line":17,"column":17}},"12":{"start":{"line":21,"column":0},"end":{"line":28,"column":1}},"13":{"start":{"line":22,"column":2},"end":{"line":27,"column":3}},"14":{"start":{"line":23,"column":4},"end":{"line":23,"column":42}},"15":{"start":{"line":24,"column":4},"end":{"line":24,"column":16}},"16":{"start":{"line":26,"column":4},"end":{"line":26,"column":13}}},"fnMap":{"0":{"name":"(anonymous_0)","decl":{"start":{"line":6,"column":35},"end":{"line":6,"column":36}},"loc":{"start":{"line":6,"column":53},"end":{"line":10,"column":1}},"line":6},"1":{"name":"(anonymous_1)","decl":{"start":{"line":12,"column":36},"end":{"line":12,"column":37}},"loc":{"start":{"line":12,"column":52},"end":{"line":19,"column":1}},"line":12},"2":{"name":"(anonymous_2)","decl":{"start":{"line":21,"column":29},"end":{"line":21,"column":30}},"loc":{"start":{"line":21,"column":45},"end":{"line":28,"column":1}},"line":21}},"branchMap":{"0":{"loc":{"start":{"line":14,"column":2},"end":{"line":18,"column":3}},"type":"if","locations":[{"start":{"line":14,"column":2},"end":{"line":18,"column":3}},{"start":{"line":14,"column":2},"end":{"line":18,"column":3}}],"line":14}},"s":{"0":5,"1":5,"2":5,"3":5,"4":130,"5":130,"6":130,"7":5,"8":313,"9":313,"10":291,"11":22,"12":5,"13":2,"14":2,"15":2,"16":0},"f":{"0":130,"1":313,"2":2},"b":{"0":[291,22]},"_coverageSchema":"1a1c01bbd47fc00a2c39e90264f33305004495a9","hash":"a3cc6bec9936541e68631968d70d2f70685393a0"}
,"/Users/sven/bus-dashboard/daos/user.js": {"path":"/Users/sven/bus-dashboard/daos/user.js","statementMap":{"0":{"start":{"line":1,"column":13},"end":{"line":1,"column":38}},"1":{"start":{"line":3,"column":0},"end":{"line":3,"column":20}},"2":{"start":{"line":5,"column":0},"end":{"line":20,"column":1}},"3":{"start":{"line":6,"column":2},"end":{"line":19,"column":3}},"4":{"start":{"line":7,"column":17},"end":{"line":7,"column":43}},"5":{"start":{"line":8,"column":21},"end":{"line":12,"column":5}},"6":{"start":{"line":13,"column":4},"end":{"line":13,"column":20}},"7":{"start":{"line":15,"column":4},"end":{"line":17,"column":5}},"8":{"start":{"line":16,"column":6},"end":{"line":16,"column":40}},"9":{"start":{"line":18,"column":4},"end":{"line":18,"column":12}},"10":{"start":{"line":22,"column":0},"end":{"line":28,"column":1}},"11":{"start":{"line":23,"column":2},"end":{"line":27,"column":3}},"12":{"start":{"line":24,"column":4},"end":{"line":24,"column":55}},"13":{"start":{"line":26,"column":4},"end":{"line":26,"column":12}},"14":{"start":{"line":30,"column":0},"end":{"line":36,"column":1}},"15":{"start":{"line":31,"column":2},"end":{"line":35,"column":3}},"16":{"start":{"line":32,"column":4},"end":{"line":32,"column":69}},"17":{"start":{"line":34,"column":4},"end":{"line":34,"column":12}},"18":{"start":{"line":39,"column":0},"end":{"line":39,"column":43}}},"fnMap":{"0":{"name":"(anonymous_0)","decl":{"start":{"line":5,"column":28},"end":{"line":5,"column":29}},"loc":{"start":{"line":5,"column":47},"end":{"line":20,"column":1}},"line":5},"1":{"name":"(anonymous_1)","decl":{"start":{"line":22,"column":25},"end":{"line":22,"column":26}},"loc":{"start":{"line":22,"column":42},"end":{"line":28,"column":1}},"line":22},"2":{"name":"(anonymous_2)","decl":{"start":{"line":30,"column":36},"end":{"line":30,"column":37}},"loc":{"start":{"line":30,"column":64},"end":{"line":36,"column":1}},"line":30}},"branchMap":{"0":{"loc":{"start":{"line":15,"column":4},"end":{"line":17,"column":5}},"type":"if","locations":[{"start":{"line":15,"column":4},"end":{"line":17,"column":5}},{"start":{"line":15,"column":4},"end":{"line":17,"column":5}}],"line":15}},"s":{"0":5,"1":5,"2":5,"3":143,"4":143,"5":142,"6":142,"7":1,"8":1,"9":0,"10":5,"11":135,"12":135,"13":0,"14":5,"15":4,"16":4,"17":0,"18":5},"f":{"0":143,"1":135,"2":4},"b":{"0":[1,0]},"_coverageSchema":"1a1c01bbd47fc00a2c39e90264f33305004495a9","hash":"9c453620d50836344b6856343c8e8eeb83467f04"}
,"/Users/sven/bus-dashboard/models/bus.js": {"path":"/Users/sven/bus-dashboard/models/bus.js","statementMap":{"0":{"start":{"line":1,"column":17},"end":{"line":1,"column":36}},"1":{"start":{"line":3,"column":18},"end":{"line":6,"column":2}},"2":{"start":{"line":8,"column":0},"end":{"line":8,"column":59}},"3":{"start":{"line":10,"column":0},"end":{"line":10,"column":52}}},"fnMap":{},"branchMap":{},"s":{"0":5,"1":5,"2":5,"3":5},"f":{},"b":{},"_coverageSchema":"1a1c01bbd47fc00a2c39e90264f33305004495a9","hash":"c353881c64815b2a1cb2925b68c2bba8f4a04a6e"}
,"/Users/sven/bus-dashboard/models/group.js": {"path":"/Users/sven/bus-dashboard/models/group.js","statementMap":{"0":{"start":{"line":1,"column":17},"end":{"line":1,"column":36}},"1":{"start":{"line":3,"column":20},"end":{"line":8,"column":2}},"2":{"start":{"line":10,"column":0},"end":{"line":10,"column":73}},"3":{"start":{"line":12,"column":0},"end":{"line":12,"column":55}}},"fnMap":{},"branchMap":{},"s":{"0":5,"1":5,"2":5,"3":5},"f":{},"b":{},"_coverageSchema":"1a1c01bbd47fc00a2c39e90264f33305004495a9","hash":"99f841229f39a5f64eab22757bc93b4e5807d718"}
,"/Users/sven/bus-dashboard/models/stop.js": {"path":"/Users/sven/bus-dashboard/models/stop.js","statementMap":{"0":{"start":{"line":1,"column":17},"end":{"line":1,"column":36}},"1":{"start":{"line":3,"column":19},"end":{"line":6,"column":2}},"2":{"start":{"line":8,"column":0},"end":{"line":8,"column":62}},"3":{"start":{"line":10,"column":0},"end":{"line":10,"column":53}}},"fnMap":{},"branchMap":{},"s":{"0":5,"1":5,"2":5,"3":5},"f":{},"b":{},"_coverageSchema":"1a1c01bbd47fc00a2c39e90264f33305004495a9","hash":"45c17b7f50deda4b6f5995daf3537d3a8c5022a6"}
,"/Users/sven/bus-dashboard/models/token.js": {"path":"/Users/sven/bus-dashboard/models/token.js","statementMap":{"0":{"start":{"line":1,"column":17},"end":{"line":1,"column":36}},"1":{"start":{"line":3,"column":20},"end":{"line":6,"column":2}},"2":{"start":{"line":8,"column":0},"end":{"line":8,"column":30}},"3":{"start":{"line":9,"column":0},"end":{"line":9,"column":55}}},"fnMap":{},"branchMap":{},"s":{"0":5,"1":5,"2":5,"3":5},"f":{},"b":{},"_coverageSchema":"1a1c01bbd47fc00a2c39e90264f33305004495a9","hash":"479456a1032d98f8c607da71c59292bb4cc72fbf"}
,"/Users/sven/bus-dashboard/models/user.js": {"path":"/Users/sven/bus-dashboard/models/user.js","statementMap":{"0":{"start":{"line":1,"column":17},"end":{"line":1,"column":36}},"1":{"start":{"line":3,"column":19},"end":{"line":16,"column":2}},"2":{"start":{"line":8,"column":27},"end":{"line":8,"column":74}},"3":{"start":{"line":9,"column":14},"end":{"line":11,"column":15}},"4":{"start":{"line":10,"column":16},"end":{"line":10,"column":67}},"5":{"start":{"line":18,"column":0},"end":{"line":18,"column":31}},"6":{"start":{"line":19,"column":0},"end":{"line":19,"column":53}}},"fnMap":{"0":{"name":"(anonymous_0)","decl":{"start":{"line":7,"column":22},"end":{"line":7,"column":23}},"loc":{"start":{"line":7,"column":44},"end":{"line":12,"column":13}},"line":7}},"branchMap":{"0":{"loc":{"start":{"line":9,"column":14},"end":{"line":11,"column":15}},"type":"if","locations":[{"start":{"line":9,"column":14},"end":{"line":11,"column":15}},{"start":{"line":9,"column":14},"end":{"line":11,"column":15}}],"line":9}},"s":{"0":5,"1":5,"2":143,"3":143,"4":1,"5":5,"6":5},"f":{"0":143},"b":{"0":[1,142]},"_coverageSchema":"1a1c01bbd47fc00a2c39e90264f33305004495a9","hash":"81b63a93a4d5ab188e9ad86fb29ac56e4aeea211"}
,"/Users/sven/bus-dashboard/routes/buses.js": {"path":"/Users/sven/bus-dashboard/routes/buses.js","statementMap":{"0":{"start":{"line":1,"column":26},"end":{"line":1,"column":44}},"1":{"start":{"line":2,"column":15},"end":{"line":2,"column":23}},"2":{"start":{"line":3,"column":36},"end":{"line":3,"column":62}},"3":{"start":{"line":5,"column":15},"end":{"line":5,"column":37}},"4":{"start":{"line":7,"column":0},"end":{"line":18,"column":2}},"5":{"start":{"line":10,"column":34},"end":{"line":10,"column":42}},"6":{"start":{"line":11,"column":8},"end":{"line":16,"column":9}},"7":{"start":{"line":12,"column":27},"end":{"line":12,"column":61}},"8":{"start":{"line":13,"column":12},"end":{"line":13,"column":29}},"9":{"start":{"line":15,"column":12},"end":{"line":15,"column":20}},"10":{"start":{"line":20,"column":0},"end":{"line":49,"column":2}},"11":{"start":{"line":23,"column":34},"end":{"line":23,"column":43}},"12":{"start":{"line":24,"column":8},"end":{"line":47,"column":9}},"13":{"start":{"line":26,"column":26},"end":{"line":26,"column":58}},"14":{"start":{"line":27,"column":12},"end":{"line":31,"column":13}},"15":{"start":{"line":28,"column":16},"end":{"line":28,"column":32}},"16":{"start":{"line":30,"column":16},"end":{"line":30,"column":36}},"17":{"start":{"line":32,"column":15},"end":{"line":47,"column":9}},"18":{"start":{"line":34,"column":26},"end":{"line":34,"column":73}},"19":{"start":{"line":35,"column":12},"end":{"line":39,"column":13}},"20":{"start":{"line":36,"column":16},"end":{"line":36,"column":32}},"21":{"start":{"line":38,"column":16},"end":{"line":38,"column":36}},"22":{"start":{"line":41,"column":26},"end":{"line":41,"column":47}},"23":{"start":{"line":42,"column":12},"end":{"line":46,"column":13}},"24":{"start":{"line":43,"column":16},"end":{"line":43,"column":32}},"25":{"start":{"line":45,"column":16},"end":{"line":45,"column":36}},"26":{"start":{"line":51,"column":0},"end":{"line":63,"column":2}},"27":{"start":{"line":55,"column":19},"end":{"line":55,"column":32}},"28":{"start":{"line":56,"column":20},"end":{"line":56,"column":44}},"29":{"start":{"line":57,"column":8},"end":{"line":61,"column":9}},"30":{"start":{"line":58,"column":12},"end":{"line":58,"column":25}},"31":{"start":{"line":60,"column":12},"end":{"line":60,"column":32}},"32":{"start":{"line":65,"column":0},"end":{"line":78,"column":2}},"33":{"start":{"line":69,"column":19},"end":{"line":69,"column":32}},"34":{"start":{"line":70,"column":34},"end":{"line":70,"column":42}},"35":{"start":{"line":71,"column":27},"end":{"line":71,"column":69}},"36":{"start":{"line":72,"column":8},"end":{"line":76,"column":9}},"37":{"start":{"line":73,"column":12},"end":{"line":73,"column":32}},"38":{"start":{"line":75,"column":12},"end":{"line":75,"column":31}},"39":{"start":{"line":80,"column":0},"end":{"line":92,"column":2}},"40":{"start":{"line":84,"column":19},"end":{"line":84,"column":32}},"41":{"start":{"line":85,"column":8},"end":{"line":90,"column":9}},"42":{"start":{"line":86,"column":28},"end":{"line":86,"column":55}},"43":{"start":{"line":87,"column":12},"end":{"line":87,"column":48}},"44":{"start":{"line":89,"column":12},"end":{"line":89,"column":44}},"45":{"start":{"line":95,"column":0},"end":{"line":101,"column":3}},"46":{"start":{"line":96,"column":4},"end":{"line":100,"column":5}},"47":{"start":{"line":97,"column":6},"end":{"line":97,"column":42}},"48":{"start":{"line":99,"column":6},"end":{"line":99,"column":51}},"49":{"start":{"line":103,"column":0},"end":{"line":103,"column":24}}},"fnMap":{"0":{"name":"(anonymous_0)","decl":{"start":{"line":9,"column":4},"end":{"line":9,"column":5}},"loc":{"start":{"line":9,"column":30},"end":{"line":17,"column":5}},"line":9},"1":{"name":"(anonymous_1)","decl":{"start":{"line":22,"column":4},"end":{"line":22,"column":5}},"loc":{"start":{"line":22,"column":30},"end":{"line":48,"column":5}},"line":22},"2":{"name":"(anonymous_2)","decl":{"start":{"line":54,"column":4},"end":{"line":54,"column":5}},"loc":{"start":{"line":54,"column":30},"end":{"line":62,"column":5}},"line":54},"3":{"name":"(anonymous_3)","decl":{"start":{"line":68,"column":4},"end":{"line":68,"column":5}},"loc":{"start":{"line":68,"column":30},"end":{"line":77,"column":5}},"line":68},"4":{"name":"(anonymous_4)","decl":{"start":{"line":83,"column":4},"end":{"line":83,"column":5}},"loc":{"start":{"line":83,"column":30},"end":{"line":91,"column":5}},"line":83},"5":{"name":"(anonymous_5)","decl":{"start":{"line":95,"column":11},"end":{"line":95,"column":12}},"loc":{"start":{"line":95,"column":44},"end":{"line":101,"column":1}},"line":95}},"branchMap":{"0":{"loc":{"start":{"line":24,"column":8},"end":{"line":47,"column":9}},"type":"if","locations":[{"start":{"line":24,"column":8},"end":{"line":47,"column":9}},{"start":{"line":24,"column":8},"end":{"line":47,"column":9}}],"line":24},"1":{"loc":{"start":{"line":24,"column":11},"end":{"line":24,"column":29}},"type":"binary-expr","locations":[{"start":{"line":24,"column":11},"end":{"line":24,"column":17}},{"start":{"line":24,"column":21},"end":{"line":24,"column":29}}],"line":24},"2":{"loc":{"start":{"line":27,"column":12},"end":{"line":31,"column":13}},"type":"if","locations":[{"start":{"line":27,"column":12},"end":{"line":31,"column":13}},{"start":{"line":27,"column":12},"end":{"line":31,"column":13}}],"line":27},"3":{"loc":{"start":{"line":32,"column":15},"end":{"line":47,"column":9}},"type":"if","locations":[{"start":{"line":32,"column":15},"end":{"line":47,"column":9}},{"start":{"line":32,"column":15},"end":{"line":47,"column":9}}],"line":32},"4":{"loc":{"start":{"line":32,"column":19},"end":{"line":32,"column":36}},"type":"binary-expr","locations":[{"start":{"line":32,"column":19},"end":{"line":32,"column":25}},{"start":{"line":32,"column":29},"end":{"line":32,"column":36}}],"line":32},"5":{"loc":{"start":{"line":35,"column":12},"end":{"line":39,"column":13}},"type":"if","locations":[{"start":{"line":35,"column":12},"end":{"line":39,"column":13}},{"start":{"line":35,"column":12},"end":{"line":39,"column":13}}],"line":35},"6":{"loc":{"start":{"line":42,"column":12},"end":{"line":46,"column":13}},"type":"if","locations":[{"start":{"line":42,"column":12},"end":{"line":46,"column":13}},{"start":{"line":42,"column":12},"end":{"line":46,"column":13}}],"line":42},"7":{"loc":{"start":{"line":57,"column":8},"end":{"line":61,"column":9}},"type":"if","locations":[{"start":{"line":57,"column":8},"end":{"line":61,"column":9}},{"start":{"line":57,"column":8},"end":{"line":61,"column":9}}],"line":57},"8":{"loc":{"start":{"line":72,"column":8},"end":{"line":76,"column":9}},"type":"if","locations":[{"start":{"line":72,"column":8},"end":{"line":76,"column":9}},{"start":{"line":72,"column":8},"end":{"line":76,"column":9}}],"line":72},"9":{"loc":{"start":{"line":87,"column":27},"end":{"line":87,"column":46}},"type":"cond-expr","locations":[{"start":{"line":87,"column":37},"end":{"line":87,"column":40}},{"start":{"line":87,"column":43},"end":{"line":87,"column":46}}],"line":87},"10":{"loc":{"start":{"line":96,"column":4},"end":{"line":100,"column":5}},"type":"if","locations":[{"start":{"line":96,"column":4},"end":{"line":100,"column":5}},{"start":{"line":96,"column":4},"end":{"line":100,"column":5}}],"line":96}},"s":{"0":5,"1":5,"2":5,"3":5,"4":5,"5":22,"6":22,"7":22,"8":21,"9":1,"10":5,"11":3,"12":3,"13":1,"14":1,"15":1,"16":0,"17":2,"18":1,"19":1,"20":1,"21":0,"22":1,"23":1,"24":1,"25":0,"26":5,"27":5,"28":5,"29":5,"30":4,"31":1,"32":5,"33":1,"34":1,"35":1,"36":1,"37":1,"38":0,"39":5,"40":1,"41":1,"42":1,"43":1,"44":0,"45":5,"46":1,"47":1,"48":0,"49":5},"f":{"0":22,"1":3,"2":5,"3":1,"4":1,"5":1},"b":{"0":[1,2],"1":[3,2],"2":[1,0],"3":[1,1],"4":[2,1],"5":[1,0],"6":[1,0],"7":[4,1],"8":[1,0],"9":[1,0],"10":[1,0]},"_coverageSchema":"1a1c01bbd47fc00a2c39e90264f33305004495a9","hash":"9b9eddb7a1442492efb5efd9eeb9dba07b9657d4"}
,"/Users/sven/bus-dashboard/routes/groups.js": {"path":"/Users/sven/bus-dashboard/routes/groups.js","statementMap":{"0":{"start":{"line":1,"column":26},"end":{"line":1,"column":44}},"1":{"start":{"line":2,"column":15},"end":{"line":2,"column":23}},"2":{"start":{"line":3,"column":36},"end":{"line":3,"column":62}},"3":{"start":{"line":5,"column":17},"end":{"line":5,"column":42}},"4":{"start":{"line":7,"column":0},"end":{"line":18,"column":2}},"5":{"start":{"line":10,"column":57},"end":{"line":10,"column":65}},"6":{"start":{"line":11,"column":25},"end":{"line":11,"column":96}},"7":{"start":{"line":12,"column":8},"end":{"line":16,"column":9}},"8":{"start":{"line":13,"column":12},"end":{"line":13,"column":31}},"9":{"start":{"line":15,"column":12},"end":{"line":15,"column":32}},"10":{"start":{"line":20,"column":0},"end":{"line":55,"column":2}},"11":{"start":{"line":23,"column":38},"end":{"line":23,"column":47}},"12":{"start":{"line":24,"column":8},"end":{"line":53,"column":9}},"13":{"start":{"line":25,"column":27},"end":{"line":25,"column":61}},"14":{"start":{"line":26,"column":12},"end":{"line":30,"column":13}},"15":{"start":{"line":27,"column":16},"end":{"line":27,"column":33}},"16":{"start":{"line":29,"column":16},"end":{"line":29,"column":36}},"17":{"start":{"line":31,"column":15},"end":{"line":53,"column":9}},"18":{"start":{"line":32,"column":27},"end":{"line":32,"column":71}},"19":{"start":{"line":33,"column":12},"end":{"line":37,"column":13}},"20":{"start":{"line":34,"column":16},"end":{"line":34,"column":33}},"21":{"start":{"line":36,"column":16},"end":{"line":36,"column":36}},"22":{"start":{"line":38,"column":15},"end":{"line":53,"column":9}},"23":{"start":{"line":39,"column":33},"end":{"line":39,"column":59}},"24":{"start":{"line":40,"column":27},"end":{"line":40,"column":81}},"25":{"start":{"line":41,"column":12},"end":{"line":45,"column":13}},"26":{"start":{"line":42,"column":16},"end":{"line":42,"column":33}},"27":{"start":{"line":44,"column":16},"end":{"line":44,"column":36}},"28":{"start":{"line":47,"column":27},"end":{"line":47,"column":65}},"29":{"start":{"line":48,"column":12},"end":{"line":52,"column":13}},"30":{"start":{"line":49,"column":16},"end":{"line":49,"column":33}},"31":{"start":{"line":51,"column":16},"end":{"line":51,"column":36}},"32":{"start":{"line":57,"column":0},"end":{"line":69,"column":2}},"33":{"start":{"line":61,"column":24},"end":{"line":61,"column":37}},"34":{"start":{"line":62,"column":22},"end":{"line":62,"column":74}},"35":{"start":{"line":63,"column":8},"end":{"line":67,"column":9}},"36":{"start":{"line":64,"column":12},"end":{"line":64,"column":27}},"37":{"start":{"line":66,"column":12},"end":{"line":66,"column":32}},"38":{"start":{"line":71,"column":0},"end":{"line":89,"column":2}},"39":{"start":{"line":75,"column":24},"end":{"line":75,"column":37}},"40":{"start":{"line":76,"column":29},"end":{"line":76,"column":73}},"41":{"start":{"line":77,"column":8},"end":{"line":87,"column":9}},"42":{"start":{"line":78,"column":59},"end":{"line":78,"column":67}},"43":{"start":{"line":79,"column":33},"end":{"line":79,"column":105}},"44":{"start":{"line":80,"column":12},"end":{"line":84,"column":13}},"45":{"start":{"line":81,"column":16},"end":{"line":81,"column":39}},"46":{"start":{"line":83,"column":16},"end":{"line":83,"column":36}},"47":{"start":{"line":86,"column":12},"end":{"line":86,"column":32}},"48":{"start":{"line":91,"column":0},"end":{"line":108,"column":2}},"49":{"start":{"line":95,"column":24},"end":{"line":95,"column":37}},"50":{"start":{"line":96,"column":29},"end":{"line":96,"column":73}},"51":{"start":{"line":97,"column":8},"end":{"line":106,"column":9}},"52":{"start":{"line":98,"column":12},"end":{"line":103,"column":13}},"53":{"start":{"line":99,"column":32},"end":{"line":99,"column":66}},"54":{"start":{"line":100,"column":16},"end":{"line":100,"column":52}},"55":{"start":{"line":102,"column":16},"end":{"line":102,"column":48}},"56":{"start":{"line":105,"column":12},"end":{"line":105,"column":32}},"57":{"start":{"line":110,"column":0},"end":{"line":110,"column":24}}},"fnMap":{"0":{"name":"(anonymous_0)","decl":{"start":{"line":9,"column":4},"end":{"line":9,"column":5}},"loc":{"start":{"line":9,"column":30},"end":{"line":17,"column":5}},"line":9},"1":{"name":"(anonymous_1)","decl":{"start":{"line":22,"column":4},"end":{"line":22,"column":5}},"loc":{"start":{"line":22,"column":30},"end":{"line":54,"column":5}},"line":22},"2":{"name":"(anonymous_2)","decl":{"start":{"line":60,"column":4},"end":{"line":60,"column":5}},"loc":{"start":{"line":60,"column":30},"end":{"line":68,"column":5}},"line":60},"3":{"name":"(anonymous_3)","decl":{"start":{"line":74,"column":4},"end":{"line":74,"column":5}},"loc":{"start":{"line":74,"column":30},"end":{"line":88,"column":5}},"line":74},"4":{"name":"(anonymous_4)","decl":{"start":{"line":94,"column":4},"end":{"line":94,"column":5}},"loc":{"start":{"line":94,"column":30},"end":{"line":107,"column":5}},"line":94}},"branchMap":{"0":{"loc":{"start":{"line":12,"column":8},"end":{"line":16,"column":9}},"type":"if","locations":[{"start":{"line":12,"column":8},"end":{"line":16,"column":9}},{"start":{"line":12,"column":8},"end":{"line":16,"column":9}}],"line":12},"1":{"loc":{"start":{"line":24,"column":8},"end":{"line":53,"column":9}},"type":"if","locations":[{"start":{"line":24,"column":8},"end":{"line":53,"column":9}},{"start":{"line":24,"column":8},"end":{"line":53,"column":9}}],"line":24},"2":{"loc":{"start":{"line":24,"column":12},"end":{"line":24,"column":34}},"type":"binary-expr","locations":[{"start":{"line":24,"column":12},"end":{"line":24,"column":18}},{"start":{"line":24,"column":22},"end":{"line":24,"column":34}}],"line":24},"3":{"loc":{"start":{"line":26,"column":12},"end":{"line":30,"column":13}},"type":"if","locations":[{"start":{"line":26,"column":12},"end":{"line":30,"column":13}},{"start":{"line":26,"column":12},"end":{"line":30,"column":13}}],"line":26},"4":{"loc":{"start":{"line":31,"column":15},"end":{"line":53,"column":9}},"type":"if","locations":[{"start":{"line":31,"column":15},"end":{"line":53,"column":9}},{"start":{"line":31,"column":15},"end":{"line":53,"column":9}}],"line":31},"5":{"loc":{"start":{"line":31,"column":19},"end":{"line":31,"column":41}},"type":"binary-expr","locations":[{"start":{"line":31,"column":19},"end":{"line":31,"column":30}},{"start":{"line":31,"column":34},"end":{"line":31,"column":41}}],"line":31},"6":{"loc":{"start":{"line":33,"column":12},"end":{"line":37,"column":13}},"type":"if","locations":[{"start":{"line":33,"column":12},"end":{"line":37,"column":13}},{"start":{"line":33,"column":12},"end":{"line":37,"column":13}}],"line":33},"7":{"loc":{"start":{"line":38,"column":15},"end":{"line":53,"column":9}},"type":"if","locations":[{"start":{"line":38,"column":15},"end":{"line":53,"column":9}},{"start":{"line":38,"column":15},"end":{"line":53,"column":9}}],"line":38},"8":{"loc":{"start":{"line":38,"column":19},"end":{"line":38,"column":40}},"type":"binary-expr","locations":[{"start":{"line":38,"column":19},"end":{"line":38,"column":25}},{"start":{"line":38,"column":29},"end":{"line":38,"column":40}}],"line":38},"9":{"loc":{"start":{"line":41,"column":12},"end":{"line":45,"column":13}},"type":"if","locations":[{"start":{"line":41,"column":12},"end":{"line":45,"column":13}},{"start":{"line":41,"column":12},"end":{"line":45,"column":13}}],"line":41},"10":{"loc":{"start":{"line":48,"column":12},"end":{"line":52,"column":13}},"type":"if","locations":[{"start":{"line":48,"column":12},"end":{"line":52,"column":13}},{"start":{"line":48,"column":12},"end":{"line":52,"column":13}}],"line":48},"11":{"loc":{"start":{"line":63,"column":8},"end":{"line":67,"column":9}},"type":"if","locations":[{"start":{"line":63,"column":8},"end":{"line":67,"column":9}},{"start":{"line":63,"column":8},"end":{"line":67,"column":9}}],"line":63},"12":{"loc":{"start":{"line":77,"column":8},"end":{"line":87,"column":9}},"type":"if","locations":[{"start":{"line":77,"column":8},"end":{"line":87,"column":9}},{"start":{"line":77,"column":8},"end":{"line":87,"column":9}}],"line":77},"13":{"loc":{"start":{"line":80,"column":12},"end":{"line":84,"column":13}},"type":"if","locations":[{"start":{"line":80,"column":12},"end":{"line":84,"column":13}},{"start":{"line":80,"column":12},"end":{"line":84,"column":13}}],"line":80},"14":{"loc":{"start":{"line":97,"column":8},"end":{"line":106,"column":9}},"type":"if","locations":[{"start":{"line":97,"column":8},"end":{"line":106,"column":9}},{"start":{"line":97,"column":8},"end":{"line":106,"column":9}}],"line":97},"15":{"loc":{"start":{"line":100,"column":31},"end":{"line":100,"column":50}},"type":"cond-expr","locations":[{"start":{"line":100,"column":41},"end":{"line":100,"column":44}},{"start":{"line":100,"column":47},"end":{"line":100,"column":50}}],"line":100}},"s":{"0":5,"1":5,"2":5,"3":5,"4":5,"5":153,"6":153,"7":153,"8":153,"9":0,"10":5,"11":5,"12":5,"13":1,"14":1,"15":1,"16":0,"17":4,"18":1,"19":1,"20":1,"21":0,"22":3,"23":1,"24":1,"25":1,"26":1,"27":0,"28":2,"29":2,"30":2,"31":0,"32":5,"33":18,"34":18,"35":18,"36":10,"37":8,"38":5,"39":6,"40":6,"41":6,"42":2,"43":2,"44":2,"45":2,"46":0,"47":4,"48":5,"49":8,"50":8,"51":8,"52":4,"53":4,"54":4,"55":0,"56":4,"57":5},"f":{"0":153,"1":5,"2":18,"3":6,"4":8},"b":{"0":[153,0],"1":[1,4],"2":[5,2],"3":[1,0],"4":[1,3],"5":[4,2],"6":[1,0],"7":[1,2],"8":[3,1],"9":[1,0],"10":[2,0],"11":[10,8],"12":[2,4],"13":[2,0],"14":[4,4],"15":[4,0]},"_coverageSchema":"1a1c01bbd47fc00a2c39e90264f33305004495a9","hash":"9c05e0d9eec24c929f6fcd6e1feca770ca34db31"}
,"/Users/sven/bus-dashboard/routes/index.js": {"path":"/Users/sven/bus-dashboard/routes/index.js","statementMap":{"0":{"start":{"line":1,"column":19},"end":{"line":1,"column":37}},"1":{"start":{"line":2,"column":15},"end":{"line":2,"column":23}},"2":{"start":{"line":4,"column":0},"end":{"line":4,"column":41}},"3":{"start":{"line":5,"column":0},"end":{"line":5,"column":43}},"4":{"start":{"line":6,"column":0},"end":{"line":6,"column":41}},"5":{"start":{"line":7,"column":0},"end":{"line":7,"column":41}},"6":{"start":{"line":8,"column":0},"end":{"line":8,"column":37}},"7":{"start":{"line":10,"column":0},"end":{"line":10,"column":24}}},"fnMap":{},"branchMap":{},"s":{"0":5,"1":5,"2":5,"3":5,"4":5,"5":5,"6":5,"7":5},"f":{},"b":{},"_coverageSchema":"1a1c01bbd47fc00a2c39e90264f33305004495a9","hash":"fedc269a6785fd68ea74dc438acc7f505caefc84"}
,"/Users/sven/bus-dashboard/routes/login.js": {"path":"/Users/sven/bus-dashboard/routes/login.js","statementMap":{"0":{"start":{"line":1,"column":19},"end":{"line":1,"column":37}},"1":{"start":{"line":2,"column":15},"end":{"line":2,"column":23}},"2":{"start":{"line":3,"column":15},"end":{"line":3,"column":32}},"3":{"start":{"line":4,"column":43},"end":{"line":4,"column":69}},"4":{"start":{"line":5,"column":16},"end":{"line":5,"column":39}},"5":{"start":{"line":6,"column":17},"end":{"line":6,"column":41}},"6":{"start":{"line":7,"column":14},"end":{"line":7,"column":40}},"7":{"start":{"line":8,"column":13},"end":{"line":8,"column":38}},"8":{"start":{"line":11,"column":0},"end":{"line":28,"column":3}},"9":{"start":{"line":12,"column":30},"end":{"line":12,"column":38}},"10":{"start":{"line":13,"column":2},"end":{"line":27,"column":3}},"11":{"start":{"line":14,"column":17},"end":{"line":14,"column":45}},"12":{"start":{"line":15,"column":4},"end":{"line":24,"column":5}},"13":{"start":{"line":16,"column":6},"end":{"line":21,"column":7}},"14":{"start":{"line":17,"column":22},"end":{"line":17,"column":64}},"15":{"start":{"line":18,"column":8},"end":{"line":18,"column":34}},"16":{"start":{"line":20,"column":8},"end":{"line":20,"column":16}},"17":{"start":{"line":23,"column":6},"end":{"line":23,"column":43}},"18":{"start":{"line":26,"column":4},"end":{"line":26,"column":11}},"19":{"start":{"line":31,"column":0},"end":{"line":40,"column":2}},"20":{"start":{"line":32,"column":30},"end":{"line":32,"column":38}},"21":{"start":{"line":33,"column":28},"end":{"line":33,"column":59}},"22":{"start":{"line":34,"column":2},"end":{"line":39,"column":3}},"23":{"start":{"line":35,"column":17},"end":{"line":35,"column":88}},"24":{"start":{"line":36,"column":4},"end":{"line":36,"column":19}},"25":{"start":{"line":38,"column":4},"end":{"line":38,"column":12}},"26":{"start":{"line":43,"column":0},"end":{"line":56,"column":2}},"27":{"start":{"line":44,"column":23},"end":{"line":44,"column":31}},"28":{"start":{"line":45,"column":2},"end":{"line":55,"column":3}},"29":{"start":{"line":46,"column":4},"end":{"line":46,"column":48}},"30":{"start":{"line":48,"column":4},"end":{"line":54,"column":5}},"31":{"start":{"line":49,"column":32},"end":{"line":49,"column":63}},"32":{"start":{"line":50,"column":6},"end":{"line":50,"column":70}},"33":{"start":{"line":51,"column":6},"end":{"line":51,"column":38}},"34":{"start":{"line":53,"column":6},"end":{"line":53,"column":14}},"35":{"start":{"line":59,"column":0},"end":{"line":66,"column":2}},"36":{"start":{"line":60,"column":23},"end":{"line":60,"column":60}},"37":{"start":{"line":61,"column":2},"end":{"line":65,"column":3}},"38":{"start":{"line":62,"column":4},"end":{"line":62,"column":36}},"39":{"start":{"line":64,"column":4},"end":{"line":64,"column":36}},"40":{"start":{"line":70,"column":0},"end":{"line":76,"column":3}},"41":{"start":{"line":71,"column":2},"end":{"line":75,"column":3}},"42":{"start":{"line":72,"column":4},"end":{"line":72,"column":40}},"43":{"start":{"line":74,"column":4},"end":{"line":74,"column":49}},"44":{"start":{"line":78,"column":0},"end":{"line":78,"column":24}}},"fnMap":{"0":{"name":"(anonymous_0)","decl":{"start":{"line":11,"column":35},"end":{"line":11,"column":36}},"loc":{"start":{"line":11,"column":61},"end":{"line":28,"column":1}},"line":11},"1":{"name":"(anonymous_1)","decl":{"start":{"line":31,"column":41},"end":{"line":31,"column":42}},"loc":{"start":{"line":31,"column":67},"end":{"line":40,"column":1}},"line":31},"2":{"name":"(anonymous_2)","decl":{"start":{"line":43,"column":39},"end":{"line":43,"column":40}},"loc":{"start":{"line":43,"column":65},"end":{"line":56,"column":1}},"line":43},"3":{"name":"(anonymous_3)","decl":{"start":{"line":59,"column":37},"end":{"line":59,"column":38}},"loc":{"start":{"line":59,"column":63},"end":{"line":66,"column":1}},"line":59},"4":{"name":"(anonymous_4)","decl":{"start":{"line":70,"column":11},"end":{"line":70,"column":12}},"loc":{"start":{"line":70,"column":44},"end":{"line":76,"column":1}},"line":70}},"branchMap":{"0":{"loc":{"start":{"line":15,"column":4},"end":{"line":24,"column":5}},"type":"if","locations":[{"start":{"line":15,"column":4},"end":{"line":24,"column":5}},{"start":{"line":15,"column":4},"end":{"line":24,"column":5}}],"line":15},"1":{"loc":{"start":{"line":15,"column":8},"end":{"line":15,"column":61}},"type":"binary-expr","locations":[{"start":{"line":15,"column":8},"end":{"line":15,"column":12}},{"start":{"line":15,"column":16},"end":{"line":15,"column":61}}],"line":15},"2":{"loc":{"start":{"line":45,"column":2},"end":{"line":55,"column":3}},"type":"if","locations":[{"start":{"line":45,"column":2},"end":{"line":55,"column":3}},{"start":{"line":45,"column":2},"end":{"line":55,"column":3}}],"line":45},"3":{"loc":{"start":{"line":61,"column":2},"end":{"line":65,"column":3}},"type":"if","locations":[{"start":{"line":61,"column":2},"end":{"line":65,"column":3}},{"start":{"line":61,"column":2},"end":{"line":65,"column":3}}],"line":61},"4":{"loc":{"start":{"line":71,"column":2},"end":{"line":75,"column":3}},"type":"if","locations":[{"start":{"line":71,"column":2},"end":{"line":75,"column":3}},{"start":{"line":71,"column":2},"end":{"line":75,"column":3}}],"line":71}},"s":{"0":5,"1":5,"2":5,"3":5,"4":5,"5":5,"6":5,"7":5,"8":5,"9":135,"10":135,"11":135,"12":135,"13":130,"14":130,"15":130,"16":0,"17":5,"18":0,"19":5,"20":143,"21":143,"22":143,"23":143,"24":142,"25":1,"26":5,"27":5,"28":5,"29":1,"30":4,"31":4,"32":4,"33":4,"34":0,"35":5,"36":2,"37":2,"38":2,"39":0,"40":5,"41":1,"42":1,"43":0,"44":5},"f":{"0":135,"1":143,"2":5,"3":2,"4":1},"b":{"0":[130,5],"1":[135,134],"2":[1,4],"3":[2,0],"4":[1,0]},"_coverageSchema":"1a1c01bbd47fc00a2c39e90264f33305004495a9","hash":"c4cbcd2eb7af721ddbf6d19817fd72053a687c0e"}
,"/Users/sven/bus-dashboard/routes/middleware.js": {"path":"/Users/sven/bus-dashboard/routes/middleware.js","statementMap":{"0":{"start":{"line":1,"column":17},"end":{"line":1,"column":36}},"1":{"start":{"line":3,"column":17},"end":{"line":3,"column":41}},"2":{"start":{"line":5,"column":21},"end":{"line":24,"column":1}},"3":{"start":{"line":6,"column":28},"end":{"line":6,"column":39}},"4":{"start":{"line":7,"column":2},"end":{"line":23,"column":3}},"5":{"start":{"line":8,"column":18},"end":{"line":8,"column":45}},"6":{"start":{"line":9,"column":4},"end":{"line":20,"column":5}},"7":{"start":{"line":10,"column":6},"end":{"line":10,"column":24}},"8":{"start":{"line":11,"column":21},"end":{"line":11,"column":61}},"9":{"start":{"line":12,"column":6},"end":{"line":17,"column":7}},"10":{"start":{"line":13,"column":8},"end":{"line":13,"column":28}},"11":{"start":{"line":14,"column":8},"end":{"line":14,"column":15}},"12":{"start":{"line":16,"column":8},"end":{"line":16,"column":28}},"13":{"start":{"line":19,"column":6},"end":{"line":19,"column":26}},"14":{"start":{"line":22,"column":4},"end":{"line":22,"column":24}},"15":{"start":{"line":26,"column":25},"end":{"line":33,"column":1}},"16":{"start":{"line":27,"column":30},"end":{"line":27,"column":38}},"17":{"start":{"line":28,"column":2},"end":{"line":32,"column":3}},"18":{"start":{"line":29,"column":4},"end":{"line":29,"column":59}},"19":{"start":{"line":31,"column":4},"end":{"line":31,"column":11}},"20":{"start":{"line":35,"column":18},"end":{"line":42,"column":1}},"21":{"start":{"line":36,"column":13},"end":{"line":36,"column":26}},"22":{"start":{"line":37,"column":2},"end":{"line":41,"column":3}},"23":{"start":{"line":38,"column":4},"end":{"line":38,"column":49}},"24":{"start":{"line":40,"column":4},"end":{"line":40,"column":11}},"25":{"start":{"line":44,"column":0},"end":{"line":44,"column":36}},"26":{"start":{"line":45,"column":0},"end":{"line":45,"column":44}},"27":{"start":{"line":46,"column":0},"end":{"line":46,"column":30}}},"fnMap":{"0":{"name":"(anonymous_0)","decl":{"start":{"line":5,"column":21},"end":{"line":5,"column":22}},"loc":{"start":{"line":5,"column":47},"end":{"line":24,"column":1}},"line":5},"1":{"name":"(anonymous_1)","decl":{"start":{"line":26,"column":25},"end":{"line":26,"column":26}},"loc":{"start":{"line":26,"column":51},"end":{"line":33,"column":1}},"line":26},"2":{"name":"(anonymous_2)","decl":{"start":{"line":35,"column":18},"end":{"line":35,"column":19}},"loc":{"start":{"line":35,"column":44},"end":{"line":42,"column":1}},"line":35}},"branchMap":{"0":{"loc":{"start":{"line":7,"column":2},"end":{"line":23,"column":3}},"type":"if","locations":[{"start":{"line":7,"column":2},"end":{"line":23,"column":3}},{"start":{"line":7,"column":2},"end":{"line":23,"column":3}}],"line":7},"1":{"loc":{"start":{"line":9,"column":4},"end":{"line":20,"column":5}},"type":"if","locations":[{"start":{"line":9,"column":4},"end":{"line":20,"column":5}},{"start":{"line":9,"column":4},"end":{"line":20,"column":5}}],"line":9},"2":{"loc":{"start":{"line":12,"column":6},"end":{"line":17,"column":7}},"type":"if","locations":[{"start":{"line":12,"column":6},"end":{"line":17,"column":7}},{"start":{"line":12,"column":6},"end":{"line":17,"column":7}}],"line":12},"3":{"loc":{"start":{"line":28,"column":2},"end":{"line":32,"column":3}},"type":"if","locations":[{"start":{"line":28,"column":2},"end":{"line":32,"column":3}},{"start":{"line":28,"column":2},"end":{"line":32,"column":3}}],"line":28},"4":{"loc":{"start":{"line":28,"column":6},"end":{"line":28,"column":25}},"type":"binary-expr","locations":[{"start":{"line":28,"column":6},"end":{"line":28,"column":12}},{"start":{"line":28,"column":16},"end":{"line":28,"column":25}}],"line":28},"5":{"loc":{"start":{"line":37,"column":2},"end":{"line":41,"column":3}},"type":"if","locations":[{"start":{"line":37,"column":2},"end":{"line":41,"column":3}},{"start":{"line":37,"column":2},"end":{"line":41,"column":3}}],"line":37}},"s":{"0":5,"1":5,"2":5,"3":333,"4":333,"5":313,"6":313,"7":313,"8":313,"9":313,"10":291,"11":291,"12":22,"13":0,"14":20,"15":5,"16":282,"17":282,"18":4,"19":278,"20":5,"21":51,"22":51,"23":6,"24":45,"25":5,"26":5,"27":5},"f":{"0":333,"1":282,"2":51},"b":{"0":[313,20],"1":[313,0],"2":[291,22],"3":[4,278],"4":[282,282],"5":[6,45]},"_coverageSchema":"1a1c01bbd47fc00a2c39e90264f33305004495a9","hash":"e44894d5d3f5c7b2d960fb2f5d18cdc4fccc5172"}
,"/Users/sven/bus-dashboard/routes/oba.js": {"path":"/Users/sven/bus-dashboard/routes/oba.js","statementMap":{"0":{"start":{"line":1,"column":26},"end":{"line":1,"column":44}},"1":{"start":{"line":2,"column":15},"end":{"line":2,"column":23}},"2":{"start":{"line":3,"column":25},"end":{"line":3,"column":51}},"3":{"start":{"line":4,"column":14},"end":{"line":4,"column":35}},"4":{"start":{"line":6,"column":17},"end":{"line":6,"column":55}},"5":{"start":{"line":8,"column":0},"end":{"line":21,"column":2}},"6":{"start":{"line":11,"column":19},"end":{"line":11,"column":29}},"7":{"start":{"line":12,"column":4},"end":{"line":19,"column":8}},"8":{"start":{"line":13,"column":19},"end":{"line":13,"column":29}},"9":{"start":{"line":15,"column":8},"end":{"line":15,"column":27}},"10":{"start":{"line":18,"column":8},"end":{"line":18,"column":22}},"11":{"start":{"line":23,"column":0},"end":{"line":36,"column":2}},"12":{"start":{"line":26,"column":19},"end":{"line":26,"column":29}},"13":{"start":{"line":27,"column":4},"end":{"line":34,"column":8}},"14":{"start":{"line":28,"column":19},"end":{"line":28,"column":29}},"15":{"start":{"line":30,"column":8},"end":{"line":30,"column":27}},"16":{"start":{"line":33,"column":8},"end":{"line":33,"column":22}},"17":{"start":{"line":38,"column":0},"end":{"line":51,"column":2}},"18":{"start":{"line":41,"column":19},"end":{"line":41,"column":29}},"19":{"start":{"line":42,"column":4},"end":{"line":49,"column":8}},"20":{"start":{"line":43,"column":19},"end":{"line":43,"column":29}},"21":{"start":{"line":45,"column":8},"end":{"line":45,"column":27}},"22":{"start":{"line":48,"column":8},"end":{"line":48,"column":22}},"23":{"start":{"line":53,"column":0},"end":{"line":53,"column":24}}},"fnMap":{"0":{"name":"(anonymous_0)","decl":{"start":{"line":10,"column":2},"end":{"line":10,"column":3}},"loc":{"start":{"line":10,"column":28},"end":{"line":20,"column":3}},"line":10},"1":{"name":"(anonymous_1)","decl":{"start":{"line":13,"column":12},"end":{"line":13,"column":13}},"loc":{"start":{"line":13,"column":19},"end":{"line":13,"column":29}},"line":13},"2":{"name":"(anonymous_2)","decl":{"start":{"line":14,"column":12},"end":{"line":14,"column":13}},"loc":{"start":{"line":14,"column":20},"end":{"line":16,"column":7}},"line":14},"3":{"name":"(anonymous_3)","decl":{"start":{"line":17,"column":13},"end":{"line":17,"column":14}},"loc":{"start":{"line":17,"column":20},"end":{"line":19,"column":7}},"line":17},"4":{"name":"(anonymous_4)","decl":{"start":{"line":25,"column":2},"end":{"line":25,"column":3}},"loc":{"start":{"line":25,"column":28},"end":{"line":35,"column":3}},"line":25},"5":{"name":"(anonymous_5)","decl":{"start":{"line":28,"column":12},"end":{"line":28,"column":13}},"loc":{"start":{"line":28,"column":19},"end":{"line":28,"column":29}},"line":28},"6":{"name":"(anonymous_6)","decl":{"start":{"line":29,"column":12},"end":{"line":29,"column":13}},"loc":{"start":{"line":29,"column":20},"end":{"line":31,"column":7}},"line":29},"7":{"name":"(anonymous_7)","decl":{"start":{"line":32,"column":13},"end":{"line":32,"column":14}},"loc":{"start":{"line":32,"column":20},"end":{"line":34,"column":7}},"line":32},"8":{"name":"(anonymous_8)","decl":{"start":{"line":40,"column":2},"end":{"line":40,"column":3}},"loc":{"start":{"line":40,"column":28},"end":{"line":50,"column":3}},"line":40},"9":{"name":"(anonymous_9)","decl":{"start":{"line":43,"column":12},"end":{"line":43,"column":13}},"loc":{"start":{"line":43,"column":19},"end":{"line":43,"column":29}},"line":43},"10":{"name":"(anonymous_10)","decl":{"start":{"line":44,"column":12},"end":{"line":44,"column":13}},"loc":{"start":{"line":44,"column":20},"end":{"line":46,"column":7}},"line":44},"11":{"name":"(anonymous_11)","decl":{"start":{"line":47,"column":13},"end":{"line":47,"column":14}},"loc":{"start":{"line":47,"column":20},"end":{"line":49,"column":7}},"line":47}},"branchMap":{},"s":{"0":5,"1":5,"2":5,"3":5,"4":5,"5":5,"6":2,"7":2,"8":2,"9":0,"10":2,"11":5,"12":2,"13":2,"14":2,"15":0,"16":2,"17":5,"18":2,"19":2,"20":2,"21":0,"22":2,"23":5},"f":{"0":2,"1":2,"2":0,"3":2,"4":2,"5":2,"6":0,"7":2,"8":2,"9":2,"10":0,"11":2},"b":{},"_coverageSchema":"1a1c01bbd47fc00a2c39e90264f33305004495a9","hash":"3858f1a9cb59b692509869992d7ede2558c46c4e"}
,"/Users/sven/bus-dashboard/routes/stops.js": {"path":"/Users/sven/bus-dashboard/routes/stops.js","statementMap":{"0":{"start":{"line":1,"column":26},"end":{"line":1,"column":44}},"1":{"start":{"line":2,"column":15},"end":{"line":2,"column":23}},"2":{"start":{"line":3,"column":36},"end":{"line":3,"column":62}},"3":{"start":{"line":5,"column":16},"end":{"line":5,"column":40}},"4":{"start":{"line":7,"column":0},"end":{"line":18,"column":2}},"5":{"start":{"line":10,"column":36},"end":{"line":10,"column":44}},"6":{"start":{"line":11,"column":8},"end":{"line":16,"column":9}},"7":{"start":{"line":12,"column":28},"end":{"line":12,"column":65}},"8":{"start":{"line":13,"column":12},"end":{"line":13,"column":30}},"9":{"start":{"line":15,"column":12},"end":{"line":15,"column":20}},"10":{"start":{"line":20,"column":0},"end":{"line":40,"column":2}},"11":{"start":{"line":23,"column":26},"end":{"line":23,"column":35}},"12":{"start":{"line":24,"column":8},"end":{"line":38,"column":9}},"13":{"start":{"line":25,"column":26},"end":{"line":25,"column":61}},"14":{"start":{"line":26,"column":12},"end":{"line":30,"column":13}},"15":{"start":{"line":27,"column":16},"end":{"line":27,"column":32}},"16":{"start":{"line":29,"column":16},"end":{"line":29,"column":36}},"17":{"start":{"line":32,"column":26},"end":{"line":32,"column":48}},"18":{"start":{"line":33,"column":12},"end":{"line":37,"column":13}},"19":{"start":{"line":34,"column":16},"end":{"line":34,"column":32}},"20":{"start":{"line":36,"column":16},"end":{"line":36,"column":36}},"21":{"start":{"line":42,"column":0},"end":{"line":54,"column":2}},"22":{"start":{"line":46,"column":19},"end":{"line":46,"column":32}},"23":{"start":{"line":47,"column":21},"end":{"line":47,"column":46}},"24":{"start":{"line":48,"column":8},"end":{"line":52,"column":9}},"25":{"start":{"line":49,"column":12},"end":{"line":49,"column":26}},"26":{"start":{"line":51,"column":12},"end":{"line":51,"column":32}},"27":{"start":{"line":56,"column":0},"end":{"line":69,"column":2}},"28":{"start":{"line":60,"column":19},"end":{"line":60,"column":32}},"29":{"start":{"line":61,"column":34},"end":{"line":61,"column":42}},"30":{"start":{"line":62,"column":28},"end":{"line":62,"column":73}},"31":{"start":{"line":63,"column":8},"end":{"line":67,"column":9}},"32":{"start":{"line":64,"column":12},"end":{"line":64,"column":33}},"33":{"start":{"line":66,"column":12},"end":{"line":66,"column":31}},"34":{"start":{"line":71,"column":0},"end":{"line":83,"column":2}},"35":{"start":{"line":75,"column":19},"end":{"line":75,"column":32}},"36":{"start":{"line":76,"column":8},"end":{"line":81,"column":9}},"37":{"start":{"line":77,"column":28},"end":{"line":77,"column":56}},"38":{"start":{"line":78,"column":12},"end":{"line":78,"column":48}},"39":{"start":{"line":80,"column":12},"end":{"line":80,"column":44}},"40":{"start":{"line":86,"column":0},"end":{"line":92,"column":3}},"41":{"start":{"line":87,"column":4},"end":{"line":91,"column":5}},"42":{"start":{"line":88,"column":6},"end":{"line":88,"column":42}},"43":{"start":{"line":90,"column":6},"end":{"line":90,"column":51}},"44":{"start":{"line":94,"column":0},"end":{"line":94,"column":24}}},"fnMap":{"0":{"name":"(anonymous_0)","decl":{"start":{"line":9,"column":4},"end":{"line":9,"column":5}},"loc":{"start":{"line":9,"column":30},"end":{"line":17,"column":5}},"line":9},"1":{"name":"(anonymous_1)","decl":{"start":{"line":22,"column":4},"end":{"line":22,"column":5}},"loc":{"start":{"line":22,"column":30},"end":{"line":39,"column":5}},"line":22},"2":{"name":"(anonymous_2)","decl":{"start":{"line":45,"column":4},"end":{"line":45,"column":5}},"loc":{"start":{"line":45,"column":30},"end":{"line":53,"column":5}},"line":45},"3":{"name":"(anonymous_3)","decl":{"start":{"line":59,"column":4},"end":{"line":59,"column":5}},"loc":{"start":{"line":59,"column":30},"end":{"line":68,"column":5}},"line":59},"4":{"name":"(anonymous_4)","decl":{"start":{"line":74,"column":4},"end":{"line":74,"column":5}},"loc":{"start":{"line":74,"column":30},"end":{"line":82,"column":5}},"line":74},"5":{"name":"(anonymous_5)","decl":{"start":{"line":86,"column":11},"end":{"line":86,"column":12}},"loc":{"start":{"line":86,"column":44},"end":{"line":92,"column":1}},"line":86}},"branchMap":{"0":{"loc":{"start":{"line":24,"column":8},"end":{"line":38,"column":9}},"type":"if","locations":[{"start":{"line":24,"column":8},"end":{"line":38,"column":9}},{"start":{"line":24,"column":8},"end":{"line":38,"column":9}}],"line":24},"1":{"loc":{"start":{"line":26,"column":12},"end":{"line":30,"column":13}},"type":"if","locations":[{"start":{"line":26,"column":12},"end":{"line":30,"column":13}},{"start":{"line":26,"column":12},"end":{"line":30,"column":13}}],"line":26},"2":{"loc":{"start":{"line":33,"column":12},"end":{"line":37,"column":13}},"type":"if","locations":[{"start":{"line":33,"column":12},"end":{"line":37,"column":13}},{"start":{"line":33,"column":12},"end":{"line":37,"column":13}}],"line":33},"3":{"loc":{"start":{"line":48,"column":8},"end":{"line":52,"column":9}},"type":"if","locations":[{"start":{"line":48,"column":8},"end":{"line":52,"column":9}},{"start":{"line":48,"column":8},"end":{"line":52,"column":9}}],"line":48},"4":{"loc":{"start":{"line":63,"column":8},"end":{"line":67,"column":9}},"type":"if","locations":[{"start":{"line":63,"column":8},"end":{"line":67,"column":9}},{"start":{"line":63,"column":8},"end":{"line":67,"column":9}}],"line":63},"5":{"loc":{"start":{"line":78,"column":27},"end":{"line":78,"column":46}},"type":"cond-expr","locations":[{"start":{"line":78,"column":37},"end":{"line":78,"column":40}},{"start":{"line":78,"column":43},"end":{"line":78,"column":46}}],"line":78},"6":{"loc":{"start":{"line":87,"column":4},"end":{"line":91,"column":5}},"type":"if","locations":[{"start":{"line":87,"column":4},"end":{"line":91,"column":5}},{"start":{"line":87,"column":4},"end":{"line":91,"column":5}}],"line":87}},"s":{"0":5,"1":5,"2":5,"3":5,"4":5,"5":42,"6":42,"7":42,"8":41,"9":1,"10":5,"11":2,"12":2,"13":1,"14":1,"15":1,"16":0,"17":1,"18":1,"19":1,"20":0,"21":5,"22":4,"23":4,"24":4,"25":3,"26":1,"27":5,"28":1,"29":1,"30":1,"31":1,"32":1,"33":0,"34":5,"35":1,"36":1,"37":1,"38":1,"39":0,"40":5,"41":1,"42":1,"43":0,"44":5},"f":{"0":42,"1":2,"2":4,"3":1,"4":1,"5":1},"b":{"0":[1,1],"1":[1,0],"2":[1,0],"3":[3,1],"4":[1,0],"5":[1,0],"6":[1,0]},"_coverageSchema":"1a1c01bbd47fc00a2c39e90264f33305004495a9","hash":"b6a7b54211030f9463b528321793b742129f58e0"}
}
