TN:
SF:server.js
FNF:0
FNH:0
DA:1,5
DA:3,5
DA:5,5
DA:6,5
DA:8,5
DA:10,5
LF:6
LH:6
BRF:0
BRH:0
end_of_record
TN:
SF:test-utils.js
FN:11,(anonymous_0)
FN:17,(anonymous_1)
FN:20,(anonymous_2)
FN:24,(anonymous_3)
FN:25,(anonymous_4)
FNF:5
FNH:5
FNDA:5,(anonymous_0)
FNDA:20,(anonymous_1)
FNDA:5,(anonymous_2)
FNDA:117,(anonymous_3)
FNDA:468,(anonymous_4)
DA:1,5
DA:2,5
DA:9,5
DA:11,5
DA:12,5
DA:17,20
DA:20,5
DA:21,5
DA:24,5
DA:25,468
LF:10
LH:10
BRF:0
BRH:0
end_of_record
TN:
SF:daos/bus.js
FN:9,(anonymous_0)
FN:24,(anonymous_1)
FN:33,(anonymous_2)
FN:61,(anonymous_3)
FN:70,(anonymous_4)
FN:79,(anonymous_5)
FN:92,(anonymous_6)
FNF:7
FNH:7
FNDA:22,(anonymous_0)
FNDA:1,(anonymous_1)
FNDA:1,(anonymous_2)
FNDA:1,(anonymous_3)
FNDA:5,(anonymous_4)
FNDA:1,(anonymous_5)
FNDA:1,(anonymous_6)
DA:1,5
DA:3,5
DA:4,5
DA:5,5
DA:7,5
DA:9,5
DA:10,22
DA:11,22
DA:15,21
DA:17,1
DA:18,1
DA:20,0
DA:24,5
DA:25,1
DA:26,1
DA:27,1
DA:29,0
DA:33,5
DA:34,1
DA:36,1
DA:55,1
DA:57,0
DA:61,5
DA:62,1
DA:63,1
DA:64,1
DA:66,0
DA:70,5
DA:71,5
DA:72,5
DA:73,5
DA:75,0
DA:79,5
DA:80,1
DA:81,1
DA:82,1
DA:84,1
DA:85,1
DA:86,1
DA:88,0
DA:92,5
DA:93,1
DA:94,1
DA:95,1
DA:97,0
DA:102,5
LF:46
LH:39
BRDA:17,0,0,1
BRDA:17,0,1,0
BRDA:81,1,0,0
BRDA:81,1,1,1
BRDA:82,2,0,1
BRDA:82,2,1,0
BRF:6
BRH:3
end_of_record
TN:
SF:daos/groups.js
FN:7,(anonymous_0)
FN:21,(anonymous_1)
FN:33,(anonymous_2)
FN:45,(anonymous_3)
FN:57,(anonymous_4)
FN:66,(anonymous_5)
FN:75,(anonymous_6)
FN:84,(anonymous_7)
FN:98,(anonymous_8)
FNF:9
FNH:9
FNDA:153,(anonymous_0)
FNDA:1,(anonymous_1)
FNDA:1,(anonymous_2)
FNDA:1,(anonymous_3)
FNDA:2,(anonymous_4)
FNDA:14,(anonymous_5)
FNDA:18,(anonymous_6)
FNDA:2,(anonymous_7)
FNDA:4,(anonymous_8)
DA:1,5
DA:3,5
DA:5,5
DA:7,5
DA:8,153
DA:9,153
DA:15,153
DA:17,0
DA:21,5
DA:22,1
DA:23,1
DA:27,1
DA:29,0
DA:33,5
DA:34,1
DA:35,1
DA:39,1
DA:41,0
DA:45,5
DA:46,1
DA:47,1
DA:51,1
DA:53,0
DA:57,5
DA:58,2
DA:59,2
DA:60,2
DA:62,0
DA:66,5
DA:67,14
DA:68,14
DA:69,14
DA:71,0
DA:75,5
DA:76,18
DA:77,18
DA:78,18
DA:80,0
DA:84,5
DA:85,2
DA:86,2
DA:87,2
DA:88,2
DA:90,2
DA:91,2
DA:92,2
DA:94,0
DA:98,5
DA:99,4
DA:100,4
DA:101,4
DA:103,0
LF:52
LH:43
BRDA:86,0,0,2
BRDA:86,0,1,0
BRDA:87,1,0,0
BRDA:87,1,1,2
BRDA:88,2,0,1
BRDA:88,2,1,1
BRF:6
BRH:4
end_of_record
TN:
SF:daos/stops.js
FN:7,(anonymous_0)
FN:22,(anonymous_1)
FN:31,(anonymous_2)
FN:40,(anonymous_3)
FN:49,(anonymous_4)
FN:62,(anonymous_5)
FNF:6
FNH:6
FNDA:42,(anonymous_0)
FNDA:1,(anonymous_1)
FNDA:1,(anonymous_2)
FNDA:4,(anonymous_3)
FNDA:1,(anonymous_4)
FNDA:1,(anonymous_5)
DA:1,5
DA:3,5
DA:5,5
DA:7,5
DA:8,42
DA:9,42
DA:13,41
DA:15,1
DA:16,1
DA:18,0
DA:22,5
DA:23,1
DA:24,1
DA:25,1
DA:27,0
DA:31,5
DA:32,1
DA:33,1
DA:34,1
DA:36,0
DA:40,5
DA:41,4
DA:42,4
DA:43,4
DA:45,0
DA:49,5
DA:50,1
DA:51,1
DA:52,1
DA:54,1
DA:55,1
DA:56,1
DA:58,0
DA:62,5
DA:63,1
DA:64,1
DA:65,1
DA:67,0
DA:72,5
LF:39
LH:33
BRDA:15,0,0,1
BRDA:15,0,1,0
BRDA:51,1,0,0
BRDA:51,1,1,1
BRDA:52,2,0,1
BRDA:52,2,1,0
BRF:6
BRH:3
end_of_record
TN:
SF:daos/token.js
FN:6,(anonymous_0)
FN:12,(anonymous_1)
FN:21,(anonymous_2)
FNF:3
FNH:3
FNDA:130,(anonymous_0)
FNDA:313,(anonymous_1)
FNDA:2,(anonymous_2)
DA:1,5
DA:2,5
DA:4,5
DA:6,5
DA:7,130
DA:8,130
DA:9,130
DA:12,5
DA:13,313
DA:14,313
DA:15,291
DA:17,22
DA:21,5
DA:22,2
DA:23,2
DA:24,2
DA:26,0
LF:17
LH:16
BRDA:14,0,0,291
BRDA:14,0,1,22
BRF:2
BRH:2
end_of_record
TN:
SF:daos/user.js
FN:5,(anonymous_0)
FN:22,(anonymous_1)
FN:30,(anonymous_2)
FNF:3
FNH:3
FNDA:143,(anonymous_0)
FNDA:135,(anonymous_1)
FNDA:4,(anonymous_2)
DA:1,5
DA:3,5
DA:5,5
DA:6,143
DA:7,143
DA:8,142
DA:13,142
DA:15,1
DA:16,1
DA:18,0
DA:22,5
DA:23,135
DA:24,135
DA:26,0
DA:30,5
DA:31,4
DA:32,4
DA:34,0
DA:39,5
LF:19
LH:16
BRDA:15,0,0,1
BRDA:15,0,1,0
BRF:2
BRH:1
end_of_record
TN:
SF:models/bus.js
FNF:0
FNH:0
DA:1,5
DA:3,5
DA:8,5
DA:10,5
LF:4
LH:4
BRF:0
BRH:0
end_of_record
TN:
SF:models/group.js
FNF:0
FNH:0
DA:1,5
DA:3,5
DA:10,5
DA:12,5
LF:4
LH:4
BRF:0
BRH:0
end_of_record
TN:
SF:models/stop.js
FNF:0
FNH:0
DA:1,5
DA:3,5
DA:8,5
DA:10,5
LF:4
LH:4
BRF:0
BRH:0
end_of_record
TN:
SF:models/token.js
FNF:0
FNH:0
DA:1,5
DA:3,5
DA:8,5
DA:9,5
LF:4
LH:4
BRF:0
BRH:0
end_of_record
TN:
SF:models/user.js
FN:7,(anonymous_0)
FNF:1
FNH:1
FNDA:143,(anonymous_0)
DA:1,5
DA:3,5
DA:8,143
DA:9,143
DA:10,1
DA:18,5
DA:19,5
LF:7
LH:7
BRDA:9,0,0,1
BRDA:9,0,1,142
BRF:2
BRH:2
end_of_record
TN:
SF:routes/buses.js
FN:9,(anonymous_0)
FN:22,(anonymous_1)
FN:54,(anonymous_2)
FN:68,(anonymous_3)
FN:83,(anonymous_4)
FN:95,(anonymous_5)
FNF:6
FNH:6
FNDA:22,(anonymous_0)
FNDA:3,(anonymous_1)
FNDA:5,(anonymous_2)
FNDA:1,(anonymous_3)
FNDA:1,(anonymous_4)
FNDA:1,(anonymous_5)
DA:1,5
DA:2,5
DA:3,5
DA:5,5
DA:7,5
DA:10,22
DA:11,22
DA:12,22
DA:13,21
DA:15,1
DA:20,5
DA:23,3
DA:24,3
DA:26,1
DA:27,1
DA:28,1
DA:30,0
DA:32,2
DA:34,1
DA:35,1
DA:36,1
DA:38,0
DA:41,1
DA:42,1
DA:43,1
DA:45,0
DA:51,5
DA:55,5
DA:56,5
DA:57,5
DA:58,4
DA:60,1
DA:65,5
DA:69,1
DA:70,1
DA:71,1
DA:72,1
DA:73,1
DA:75,0
DA:80,5
DA:84,1
DA:85,1
DA:86,1
DA:87,1
DA:89,0
DA:95,5
DA:96,1
DA:97,1
DA:99,0
DA:103,5
LF:50
LH:44
BRDA:24,0,0,1
BRDA:24,0,1,2
BRDA:24,1,0,3
BRDA:24,1,1,2
BRDA:27,2,0,1
BRDA:27,2,1,0
BRDA:32,3,0,1
BRDA:32,3,1,1
BRDA:32,4,0,2
BRDA:32,4,1,1
BRDA:35,5,0,1
BRDA:35,5,1,0
BRDA:42,6,0,1
BRDA:42,6,1,0
BRDA:57,7,0,4
BRDA:57,7,1,1
BRDA:72,8,0,1
BRDA:72,8,1,0
BRDA:87,9,0,1
BRDA:87,9,1,0
BRDA:96,10,0,1
BRDA:96,10,1,0
BRF:22
BRH:16
end_of_record
TN:
SF:routes/groups.js
FN:9,(anonymous_0)
FN:22,(anonymous_1)
FN:60,(anonymous_2)
FN:74,(anonymous_3)
FN:94,(anonymous_4)
FNF:5
FNH:5
FNDA:153,(anonymous_0)
FNDA:5,(anonymous_1)
FNDA:18,(anonymous_2)
FNDA:6,(anonymous_3)
FNDA:8,(anonymous_4)
DA:1,5
DA:2,5
DA:3,5
DA:5,5
DA:7,5
DA:10,153
DA:11,153
DA:12,153
DA:13,153
DA:15,0
DA:20,5
DA:23,5
DA:24,5
DA:25,1
DA:26,1
DA:27,1
DA:29,0
DA:31,4
DA:32,1
DA:33,1
DA:34,1
DA:36,0
DA:38,3
DA:39,1
DA:40,1
DA:41,1
DA:42,1
DA:44,0
DA:47,2
DA:48,2
DA:49,2
DA:51,0
DA:57,5
DA:61,18
DA:62,18
DA:63,18
DA:64,10
DA:66,8
DA:71,5
DA:75,6
DA:76,6
DA:77,6
DA:78,2
DA:79,2
DA:80,2
DA:81,2
DA:83,0
DA:86,4
DA:91,5
DA:95,8
DA:96,8
DA:97,8
DA:98,4
DA:99,4
DA:100,4
DA:102,0
DA:105,4
DA:110,5
LF:58
LH:51
BRDA:12,0,0,153
BRDA:12,0,1,0
BRDA:24,1,0,1
BRDA:24,1,1,4
BRDA:24,2,0,5
BRDA:24,2,1,2
BRDA:26,3,0,1
BRDA:26,3,1,0
BRDA:31,4,0,1
BRDA:31,4,1,3
BRDA:31,5,0,4
BRDA:31,5,1,2
BRDA:33,6,0,1
BRDA:33,6,1,0
BRDA:38,7,0,1
BRDA:38,7,1,2
BRDA:38,8,0,3
BRDA:38,8,1,1
BRDA:41,9,0,1
BRDA:41,9,1,0
BRDA:48,10,0,2
BRDA:48,10,1,0
BRDA:63,11,0,10
BRDA:63,11,1,8
BRDA:77,12,0,2
BRDA:77,12,1,4
BRDA:80,13,0,2
BRDA:80,13,1,0
BRDA:97,14,0,4
BRDA:97,14,1,4
BRDA:100,15,0,4
BRDA:100,15,1,0
BRF:32
BRH:25
end_of_record
TN:
SF:routes/index.js
FNF:0
FNH:0
DA:1,5
DA:2,5
DA:4,5
DA:5,5
DA:6,5
DA:7,5
DA:8,5
DA:10,5
LF:8
LH:8
BRF:0
BRH:0
end_of_record
TN:
SF:routes/login.js
FN:11,(anonymous_0)
FN:31,(anonymous_1)
FN:43,(anonymous_2)
FN:59,(anonymous_3)
FN:70,(anonymous_4)
FNF:5
FNH:5
FNDA:135,(anonymous_0)
FNDA:143,(anonymous_1)
FNDA:5,(anonymous_2)
FNDA:2,(anonymous_3)
FNDA:1,(anonymous_4)
DA:1,5
DA:2,5
DA:3,5
DA:4,5
DA:5,5
DA:6,5
DA:7,5
DA:8,5
DA:11,5
DA:12,135
DA:13,135
DA:14,135
DA:15,135
DA:16,130
DA:17,130
DA:18,130
DA:20,0
DA:23,5
DA:26,0
DA:31,5
DA:32,143
DA:33,143
DA:34,143
DA:35,143
DA:36,142
DA:38,1
DA:43,5
DA:44,5
DA:45,5
DA:46,1
DA:48,4
DA:49,4
DA:50,4
DA:51,4
DA:53,0
DA:59,5
DA:60,2
DA:61,2
DA:62,2
DA:64,0
DA:70,5
DA:71,1
DA:72,1
DA:74,0
DA:78,5
LF:45
LH:40
BRDA:15,0,0,130
BRDA:15,0,1,5
BRDA:15,1,0,135
BRDA:15,1,1,134
BRDA:45,2,0,1
BRDA:45,2,1,4
BRDA:61,3,0,2
BRDA:61,3,1,0
BRDA:71,4,0,1
BRDA:71,4,1,0
BRF:10
BRH:8
end_of_record
TN:
SF:routes/middleware.js
FN:5,(anonymous_0)
FN:26,(anonymous_1)
FN:35,(anonymous_2)
FNF:3
FNH:3
FNDA:333,(anonymous_0)
FNDA:282,(anonymous_1)
FNDA:51,(anonymous_2)
DA:1,5
DA:3,5
DA:5,5
DA:6,333
DA:7,333
DA:8,313
DA:9,313
DA:10,313
DA:11,313
DA:12,313
DA:13,291
DA:14,291
DA:16,22
DA:19,0
DA:22,20
DA:26,5
DA:27,282
DA:28,282
DA:29,4
DA:31,278
DA:35,5
DA:36,51
DA:37,51
DA:38,6
DA:40,45
DA:44,5
DA:45,5
DA:46,5
LF:28
LH:27
BRDA:7,0,0,313
BRDA:7,0,1,20
BRDA:9,1,0,313
BRDA:9,1,1,0
BRDA:12,2,0,291
BRDA:12,2,1,22
BRDA:28,3,0,4
BRDA:28,3,1,278
BRDA:28,4,0,282
BRDA:28,4,1,282
BRDA:37,5,0,6
BRDA:37,5,1,45
BRF:12
BRH:11
end_of_record
TN:
SF:routes/oba.js
FN:10,(anonymous_0)
FN:13,(anonymous_1)
FN:14,(anonymous_2)
FN:17,(anonymous_3)
FN:25,(anonymous_4)
FN:28,(anonymous_5)
FN:29,(anonymous_6)
FN:32,(anonymous_7)
FN:40,(anonymous_8)
FN:43,(anonymous_9)
FN:44,(anonymous_10)
FN:47,(anonymous_11)
FNF:12
FNH:9
FNDA:2,(anonymous_0)
FNDA:2,(anonymous_1)
FNDA:0,(anonymous_2)
FNDA:2,(anonymous_3)
FNDA:2,(anonymous_4)
FNDA:2,(anonymous_5)
FNDA:0,(anonymous_6)
FNDA:2,(anonymous_7)
FNDA:2,(anonymous_8)
FNDA:2,(anonymous_9)
FNDA:0,(anonymous_10)
FNDA:2,(anonymous_11)
DA:1,5
DA:2,5
DA:3,5
DA:4,5
DA:6,5
DA:8,5
DA:11,2
DA:12,2
DA:13,2
DA:15,0
DA:18,2
DA:23,5
DA:26,2
DA:27,2
DA:28,2
DA:30,0
DA:33,2
DA:38,5
DA:41,2
DA:42,2
DA:43,2
DA:45,0
DA:48,2
DA:53,5
LF:24
LH:21
BRF:0
BRH:0
end_of_record
TN:
SF:routes/stops.js
FN:9,(anonymous_0)
FN:22,(anonymous_1)
FN:45,(anonymous_2)
FN:59,(anonymous_3)
FN:74,(anonymous_4)
FN:86,(anonymous_5)
FNF:6
FNH:6
FNDA:42,(anonymous_0)
FNDA:2,(anonymous_1)
FNDA:4,(anonymous_2)
FNDA:1,(anonymous_3)
FNDA:1,(anonymous_4)
FNDA:1,(anonymous_5)
DA:1,5
DA:2,5
DA:3,5
DA:5,5
DA:7,5
DA:10,42
DA:11,42
DA:12,42
DA:13,41
DA:15,1
DA:20,5
DA:23,2
DA:24,2
DA:25,1
DA:26,1
DA:27,1
DA:29,0
DA:32,1
DA:33,1
DA:34,1
DA:36,0
DA:42,5
DA:46,4
DA:47,4
DA:48,4
DA:49,3
DA:51,1
DA:56,5
DA:60,1
DA:61,1
DA:62,1
DA:63,1
DA:64,1
DA:66,0
DA:71,5
DA:75,1
DA:76,1
DA:77,1
DA:78,1
DA:80,0
DA:86,5
DA:87,1
DA:88,1
DA:90,0
DA:94,5
LF:45
LH:40
BRDA:24,0,0,1
BRDA:24,0,1,1
BRDA:26,1,0,1
BRDA:26,1,1,0
BRDA:33,2,0,1
BRDA:33,2,1,0
BRDA:48,3,0,3
BRDA:48,3,1,1
BRDA:63,4,0,1
BRDA:63,4,1,0
BRDA:78,5,0,1
BRDA:78,5,1,0
BRDA:87,6,0,1
BRDA:87,6,1,0
BRF:14
BRH:9
end_of_record
