TN:
SF:server.js
FNF:0
FNH:0
DA:1,4
DA:3,4
DA:5,4
DA:6,4
DA:8,4
DA:10,4
LF:6
LH:6
BRF:0
BRH:0
end_of_record
TN:
SF:test-utils.js
FN:11,(anonymous_0)
FN:17,(anonymous_1)
FN:20,(anonymous_2)
FN:24,(anonymous_3)
FN:25,(anonymous_4)
FNF:5
FNH:5
FNDA:4,(anonymous_0)
FNDA:16,(anonymous_1)
FNDA:4,(anonymous_2)
FNDA:95,(anonymous_3)
FNDA:380,(anonymous_4)
DA:1,4
DA:2,4
DA:9,4
DA:11,4
DA:12,4
DA:17,16
DA:20,4
DA:21,4
DA:24,4
DA:25,380
LF:10
LH:10
BRF:0
BRH:0
end_of_record
TN:
SF:daos/groups.js
FN:7,(anonymous_0)
FN:21,(anonymous_1)
FN:33,(anonymous_2)
FN:45,(anonymous_3)
FN:57,(anonymous_4)
FN:66,(anonymous_5)
FN:75,(anonymous_6)
FN:84,(anonymous_7)
FN:98,(anonymous_8)
FNF:9
FNH:8
FNDA:131,(anonymous_0)
FNDA:2,(anonymous_1)
FNDA:1,(anonymous_2)
FNDA:0,(anonymous_3)
FNDA:2,(anonymous_4)
FNDA:14,(anonymous_5)
FNDA:18,(anonymous_6)
FNDA:2,(anonymous_7)
FNDA:4,(anonymous_8)
DA:1,4
DA:3,4
DA:5,4
DA:7,4
DA:8,131
DA:9,131
DA:15,131
DA:17,0
DA:21,4
DA:22,2
DA:23,2
DA:27,2
DA:29,0
DA:33,4
DA:34,1
DA:35,1
DA:39,1
DA:41,0
DA:45,4
DA:46,0
DA:47,0
DA:51,0
DA:53,0
DA:57,4
DA:58,2
DA:59,2
DA:60,2
DA:62,0
DA:66,4
DA:67,14
DA:68,14
DA:69,14
DA:71,0
DA:75,4
DA:76,18
DA:77,18
DA:78,18
DA:80,0
DA:84,4
DA:85,2
DA:86,2
DA:87,2
DA:88,2
DA:90,2
DA:91,2
DA:92,2
DA:94,0
DA:98,4
DA:99,4
DA:100,4
DA:101,4
DA:103,0
LF:52
LH:40
BRDA:86,0,0,2
BRDA:86,0,1,0
BRDA:87,1,0,0
BRDA:87,1,1,2
BRDA:88,2,0,1
BRDA:88,2,1,1
BRF:6
BRH:4
end_of_record
TN:
SF:daos/stops.js
FN:7,(anonymous_0)
FN:22,(anonymous_1)
FN:31,(anonymous_2)
FN:40,(anonymous_3)
FN:49,(anonymous_4)
FN:62,(anonymous_5)
FNF:6
FNH:6
FNDA:20,(anonymous_0)
FNDA:1,(anonymous_1)
FNDA:1,(anonymous_2)
FNDA:4,(anonymous_3)
FNDA:1,(anonymous_4)
FNDA:1,(anonymous_5)
DA:1,4
DA:3,4
DA:5,4
DA:7,4
DA:8,20
DA:9,20
DA:13,19
DA:15,1
DA:16,1
DA:18,0
DA:22,4
DA:23,1
DA:24,1
DA:25,1
DA:27,0
DA:31,4
DA:32,1
DA:33,1
DA:34,1
DA:36,0
DA:40,4
DA:41,4
DA:42,4
DA:43,4
DA:45,0
DA:49,4
DA:50,1
DA:51,1
DA:52,1
DA:54,1
DA:55,1
DA:56,1
DA:58,0
DA:62,4
DA:63,1
DA:64,1
DA:65,1
DA:67,0
DA:72,4
LF:39
LH:33
BRDA:15,0,0,1
BRDA:15,0,1,0
BRDA:51,1,0,0
BRDA:51,1,1,1
BRDA:52,2,0,1
BRDA:52,2,1,0
BRF:6
BRH:3
end_of_record
TN:
SF:daos/token.js
FN:6,(anonymous_0)
FN:12,(anonymous_1)
FN:21,(anonymous_2)
FNF:3
FNH:3
FNDA:108,(anonymous_0)
FNDA:229,(anonymous_1)
FNDA:2,(anonymous_2)
DA:1,4
DA:2,4
DA:4,4
DA:6,4
DA:7,108
DA:8,108
DA:9,108
DA:12,4
DA:13,229
DA:14,229
DA:15,212
DA:17,17
DA:21,4
DA:22,2
DA:23,2
DA:24,2
DA:26,0
LF:17
LH:16
BRDA:14,0,0,212
BRDA:14,0,1,17
BRF:2
BRH:2
end_of_record
TN:
SF:daos/user.js
FN:5,(anonymous_0)
FN:17,(anonymous_1)
FN:25,(anonymous_2)
FNF:3
FNH:3
FNDA:120,(anonymous_0)
FNDA:113,(anonymous_1)
FNDA:4,(anonymous_2)
DA:1,4
DA:3,4
DA:5,4
DA:6,120
DA:7,120
DA:8,119
DA:10,1
DA:11,1
DA:13,0
DA:17,4
DA:18,113
DA:19,113
DA:21,0
DA:25,4
DA:26,4
DA:27,4
DA:29,0
DA:34,4
LF:18
LH:15
BRDA:10,0,0,1
BRDA:10,0,1,0
BRF:2
BRH:1
end_of_record
TN:
SF:models/bus.js
FNF:0
FNH:0
DA:1,4
DA:3,4
DA:7,4
LF:3
LH:3
BRF:0
BRH:0
end_of_record
TN:
SF:models/group.js
FNF:0
FNH:0
DA:1,4
DA:3,4
DA:10,4
DA:12,4
LF:4
LH:4
BRF:0
BRH:0
end_of_record
TN:
SF:models/stop.js
FNF:0
FNH:0
DA:1,4
DA:3,4
DA:8,4
DA:10,4
LF:4
LH:4
BRF:0
BRH:0
end_of_record
TN:
SF:models/token.js
FNF:0
FNH:0
DA:1,4
DA:3,4
DA:8,4
DA:9,4
LF:4
LH:4
BRF:0
BRH:0
end_of_record
TN:
SF:models/user.js
FN:7,(anonymous_0)
FNF:1
FNH:1
FNDA:120,(anonymous_0)
DA:1,4
DA:3,4
DA:8,120
DA:9,120
DA:10,1
DA:18,4
DA:19,4
LF:7
LH:7
BRDA:9,0,0,1
BRDA:9,0,1,119
BRF:2
BRH:2
end_of_record
TN:
SF:routes/buses.js
FN:7,(anonymous_0)
FN:11,(anonymous_1)
FN:15,(anonymous_2)
FN:19,(anonymous_3)
FN:23,(anonymous_4)
FNF:5
FNH:0
FNDA:0,(anonymous_0)
FNDA:0,(anonymous_1)
FNDA:0,(anonymous_2)
FNDA:0,(anonymous_3)
FNDA:0,(anonymous_4)
DA:1,4
DA:2,4
DA:7,4
DA:11,4
DA:15,4
DA:19,4
DA:23,4
DA:27,4
LF:8
LH:8
BRF:0
BRH:0
end_of_record
TN:
SF:routes/groups.js
FN:9,(anonymous_0)
FN:22,(anonymous_1)
FN:60,(anonymous_2)
FN:74,(anonymous_3)
FN:94,(anonymous_4)
FNF:5
FNH:5
FNDA:131,(anonymous_0)
FNDA:5,(anonymous_1)
FNDA:18,(anonymous_2)
FNDA:6,(anonymous_3)
FNDA:8,(anonymous_4)
DA:1,4
DA:2,4
DA:3,4
DA:5,4
DA:7,4
DA:10,131
DA:11,131
DA:12,131
DA:13,131
DA:15,0
DA:20,4
DA:23,5
DA:24,5
DA:25,2
DA:26,2
DA:27,2
DA:29,0
DA:31,3
DA:32,1
DA:33,1
DA:34,1
DA:36,0
DA:38,2
DA:39,0
DA:40,0
DA:41,0
DA:42,0
DA:44,0
DA:47,2
DA:48,2
DA:49,2
DA:51,0
DA:57,4
DA:61,18
DA:62,18
DA:63,18
DA:64,10
DA:66,8
DA:71,4
DA:75,6
DA:76,6
DA:77,6
DA:78,2
DA:79,2
DA:80,2
DA:81,2
DA:83,0
DA:86,4
DA:91,4
DA:95,8
DA:96,8
DA:97,8
DA:98,4
DA:99,4
DA:100,4
DA:102,0
DA:105,4
DA:110,4
LF:58
LH:47
BRDA:12,0,0,131
BRDA:12,0,1,0
BRDA:24,1,0,2
BRDA:24,1,1,3
BRDA:24,2,0,5
BRDA:24,2,1,2
BRDA:26,3,0,2
BRDA:26,3,1,0
BRDA:31,4,0,1
BRDA:31,4,1,2
BRDA:31,5,0,3
BRDA:31,5,1,1
BRDA:33,6,0,1
BRDA:33,6,1,0
BRDA:38,7,0,0
BRDA:38,7,1,2
BRDA:38,8,0,2
BRDA:38,8,1,0
BRDA:41,9,0,0
BRDA:41,9,1,0
BRDA:48,10,0,2
BRDA:48,10,1,0
BRDA:63,11,0,10
BRDA:63,11,1,8
BRDA:77,12,0,2
BRDA:77,12,1,4
BRDA:80,13,0,2
BRDA:80,13,1,0
BRDA:97,14,0,4
BRDA:97,14,1,4
BRDA:100,15,0,4
BRDA:100,15,1,0
BRF:32
BRH:22
end_of_record
TN:
SF:routes/index.js
FNF:0
FNH:0
DA:1,4
DA:2,4
DA:3,4
DA:5,4
DA:6,4
DA:7,4
DA:8,4
DA:9,4
DA:11,4
LF:9
LH:9
BRF:0
BRH:0
end_of_record
TN:
SF:routes/login.js
FN:11,(anonymous_0)
FN:31,(anonymous_1)
FN:43,(anonymous_2)
FN:59,(anonymous_3)
FN:70,(anonymous_4)
FNF:5
FNH:5
FNDA:113,(anonymous_0)
FNDA:120,(anonymous_1)
FNDA:5,(anonymous_2)
FNDA:2,(anonymous_3)
FNDA:1,(anonymous_4)
DA:1,4
DA:2,4
DA:3,4
DA:4,4
DA:5,4
DA:6,4
DA:7,4
DA:8,4
DA:11,4
DA:12,113
DA:13,113
DA:14,113
DA:15,113
DA:16,108
DA:17,108
DA:18,108
DA:20,0
DA:23,5
DA:26,0
DA:31,4
DA:32,120
DA:33,120
DA:34,120
DA:35,120
DA:36,119
DA:38,1
DA:43,4
DA:44,5
DA:45,5
DA:46,1
DA:48,4
DA:49,4
DA:50,4
DA:51,4
DA:53,0
DA:59,4
DA:60,2
DA:61,2
DA:62,2
DA:64,0
DA:70,4
DA:71,1
DA:72,1
DA:74,0
DA:78,4
LF:45
LH:40
BRDA:15,0,0,108
BRDA:15,0,1,5
BRDA:15,1,0,113
BRDA:15,1,1,112
BRDA:45,2,0,1
BRDA:45,2,1,4
BRDA:61,3,0,2
BRDA:61,3,1,0
BRDA:71,4,0,1
BRDA:71,4,1,0
BRF:10
BRH:8
end_of_record
TN:
SF:routes/middleware.js
FN:5,(anonymous_0)
FN:26,(anonymous_1)
FN:35,(anonymous_2)
FNF:3
FNH:3
FNDA:244,(anonymous_0)
FNDA:237,(anonymous_1)
FNDA:41,(anonymous_2)
DA:1,4
DA:3,4
DA:5,4
DA:6,244
DA:7,244
DA:8,229
DA:9,229
DA:10,229
DA:11,229
DA:12,229
DA:13,212
DA:14,212
DA:16,17
DA:19,0
DA:22,15
DA:26,4
DA:27,237
DA:28,237
DA:29,4
DA:31,233
DA:35,4
DA:36,41
DA:37,41
DA:38,3
DA:40,38
DA:44,4
DA:45,4
DA:46,4
LF:28
LH:27
BRDA:7,0,0,229
BRDA:7,0,1,15
BRDA:9,1,0,229
BRDA:9,1,1,0
BRDA:12,2,0,212
BRDA:12,2,1,17
BRDA:28,3,0,4
BRDA:28,3,1,233
BRDA:28,4,0,237
BRDA:28,4,1,237
BRDA:37,5,0,3
BRDA:37,5,1,38
BRF:12
BRH:11
end_of_record
TN:
SF:routes/oba.js
FN:10,(anonymous_0)
FN:13,(anonymous_1)
FN:14,(anonymous_2)
FN:17,(anonymous_3)
FN:25,(anonymous_4)
FN:28,(anonymous_5)
FN:29,(anonymous_6)
FN:32,(anonymous_7)
FN:40,(anonymous_8)
FN:43,(anonymous_9)
FN:44,(anonymous_10)
FN:47,(anonymous_11)
FNF:12
FNH:9
FNDA:2,(anonymous_0)
FNDA:2,(anonymous_1)
FNDA:0,(anonymous_2)
FNDA:2,(anonymous_3)
FNDA:2,(anonymous_4)
FNDA:2,(anonymous_5)
FNDA:0,(anonymous_6)
FNDA:2,(anonymous_7)
FNDA:2,(anonymous_8)
FNDA:2,(anonymous_9)
FNDA:0,(anonymous_10)
FNDA:2,(anonymous_11)
DA:1,4
DA:2,4
DA:3,4
DA:4,4
DA:6,4
DA:8,4
DA:11,2
DA:12,2
DA:13,2
DA:15,0
DA:18,2
DA:23,4
DA:26,2
DA:27,2
DA:28,2
DA:30,0
DA:33,2
DA:38,4
DA:41,2
DA:42,2
DA:43,2
DA:45,0
DA:48,2
DA:53,4
LF:24
LH:21
BRF:0
BRH:0
end_of_record
TN:
SF:routes/stops.js
FN:9,(anonymous_0)
FN:22,(anonymous_1)
FN:45,(anonymous_2)
FN:59,(anonymous_3)
FN:74,(anonymous_4)
FN:86,(anonymous_5)
FNF:6
FNH:6
FNDA:20,(anonymous_0)
FNDA:2,(anonymous_1)
FNDA:4,(anonymous_2)
FNDA:1,(anonymous_3)
FNDA:1,(anonymous_4)
FNDA:1,(anonymous_5)
DA:1,4
DA:2,4
DA:3,4
DA:5,4
DA:7,4
DA:10,20
DA:11,20
DA:12,20
DA:13,19
DA:15,1
DA:20,4
DA:23,2
DA:24,2
DA:25,1
DA:26,1
DA:27,1
DA:29,0
DA:32,1
DA:33,1
DA:34,1
DA:36,0
DA:42,4
DA:46,4
DA:47,4
DA:48,4
DA:49,3
DA:51,1
DA:56,4
DA:60,1
DA:61,1
DA:62,1
DA:63,1
DA:64,1
DA:66,0
DA:71,4
DA:75,1
DA:76,1
DA:77,1
DA:78,1
DA:80,0
DA:86,4
DA:87,1
DA:88,1
DA:90,0
DA:94,4
LF:45
LH:40
BRDA:24,0,0,1
BRDA:24,0,1,1
BRDA:26,1,0,1
BRDA:26,1,1,0
BRDA:33,2,0,1
BRDA:33,2,1,0
BRDA:48,3,0,3
BRDA:48,3,1,1
BRDA:63,4,0,1
BRDA:63,4,1,0
BRDA:78,5,0,1
BRDA:78,5,1,0
BRDA:87,6,0,1
BRDA:87,6,1,0
BRF:14
BRH:9
end_of_record
